0 verbose cli C:\Program Files\nodejs\node.exe C:\Program Files\nodejs\node_modules\npm\bin\npm-cli.js
1 info using npm@10.7.0
2 info using node@v22.2.0
3 silly config:load:file:C:\Program Files\nodejs\node_modules\npm\npmrc
4 silly config:load:file:C:\Users\malno\it-405p\.npmrc
5 silly config:load:file:C:\Users\malno\.npmrc
6 silly config:load:file:C:\Users\malno\it-405p\%APPDATA%\npm\etc\npmrc
7 verbose title npm install
8 verbose argv "install"
9 verbose logfile logs-max:10 dir:C:\Users\malno\it-405p\%APPDATA%\npm-cache\_logs\2024-05-25T20_34_34_705Z-
10 verbose logfile C:\Users\malno\it-405p\%APPDATA%\npm-cache\_logs\2024-05-25T20_34_34_705Z-debug-0.log
11 silly logfile start cleaning logs, removing 1 files
12 silly logfile done cleaning log files
13 silly idealTree buildDeps
14 silly reify moves {}
15 silly audit bulk request {
15 silly audit   '@ampproject/remapping': [ '2.3.0' ],
15 silly audit   '@babel/code-frame': [ '7.24.6', '7.12.11', '7.10.4' ],
15 silly audit   '@babel/compat-data': [ '7.24.6' ],
15 silly audit   '@babel/core': [ '7.24.6', '7.12.3' ],
15 silly audit   semver: [ '6.3.1', '7.6.2', '5.7.2', '7.3.2' ],
15 silly audit   '@babel/generator': [ '7.24.6' ],
15 silly audit   '@babel/helper-annotate-as-pure': [ '7.24.6' ],
15 silly audit   '@babel/helper-builder-binary-assignment-operator-visitor': [ '7.24.6' ],
15 silly audit   '@babel/helper-compilation-targets': [ '7.24.6' ],
15 silly audit   '@babel/helper-create-class-features-plugin': [ '7.24.6' ],
15 silly audit   '@babel/helper-create-regexp-features-plugin': [ '7.24.6' ],
15 silly audit   '@babel/helper-define-polyfill-provider': [ '0.6.2' ],
15 silly audit   '@babel/helper-environment-visitor': [ '7.24.6' ],
15 silly audit   '@babel/helper-function-name': [ '7.24.6' ],
15 silly audit   '@babel/helper-hoist-variables': [ '7.24.6' ],
15 silly audit   '@babel/helper-member-expression-to-functions': [ '7.24.6' ],
15 silly audit   '@babel/helper-module-imports': [ '7.24.6' ],
15 silly audit   '@babel/helper-module-transforms': [ '7.24.6' ],
15 silly audit   '@babel/helper-optimise-call-expression': [ '7.24.6' ],
15 silly audit   '@babel/helper-plugin-utils': [ '7.24.6' ],
15 silly audit   '@babel/helper-remap-async-to-generator': [ '7.24.6' ],
15 silly audit   '@babel/helper-replace-supers': [ '7.24.6' ],
15 silly audit   '@babel/helper-simple-access': [ '7.24.6' ],
15 silly audit   '@babel/helper-skip-transparent-expression-wrappers': [ '7.24.6' ],
15 silly audit   '@babel/helper-split-export-declaration': [ '7.24.6' ],
15 silly audit   '@babel/helper-string-parser': [ '7.24.6' ],
15 silly audit   '@babel/helper-validator-identifier': [ '7.24.6' ],
15 silly audit   '@babel/helper-validator-option': [ '7.24.6' ],
15 silly audit   '@babel/helper-wrap-function': [ '7.24.6' ],
15 silly audit   '@babel/helpers': [ '7.24.6' ],
15 silly audit   '@babel/highlight': [ '7.24.6' ],
15 silly audit   '@babel/parser': [ '7.24.6' ],
15 silly audit   '@babel/plugin-bugfix-firefox-class-in-computed-class-key': [ '7.24.6' ],
15 silly audit   '@babel/plugin-bugfix-safari-id-destructuring-collision-in-function-expression': [ '7.24.6' ],
15 silly audit   '@babel/plugin-bugfix-v8-spread-parameters-in-optional-chaining': [ '7.24.6' ],
15 silly audit   '@babel/plugin-bugfix-v8-static-class-fields-redefine-readonly': [ '7.24.6' ],
15 silly audit   '@babel/plugin-proposal-class-properties': [ '7.18.6' ],
15 silly audit   '@babel/plugin-proposal-decorators': [ '7.24.6' ],
15 silly audit   '@babel/plugin-proposal-nullish-coalescing-operator': [ '7.18.6' ],
15 silly audit   '@babel/plugin-proposal-numeric-separator': [ '7.18.6' ],
15 silly audit   '@babel/plugin-proposal-optional-chaining': [ '7.21.0' ],
15 silly audit   '@babel/plugin-proposal-private-methods': [ '7.18.6' ],
15 silly audit   '@babel/plugin-proposal-private-property-in-object': [ '7.21.11', '7.21.0-placeholder-for-preset-env.2' ],
15 silly audit   '@babel/plugin-syntax-async-generators': [ '7.8.4' ],
15 silly audit   '@babel/plugin-syntax-bigint': [ '7.8.3' ],
15 silly audit   '@babel/plugin-syntax-class-properties': [ '7.12.13' ],
15 silly audit   '@babel/plugin-syntax-class-static-block': [ '7.14.5' ],
15 silly audit   '@babel/plugin-syntax-decorators': [ '7.24.6' ],
15 silly audit   '@babel/plugin-syntax-dynamic-import': [ '7.8.3' ],
15 silly audit   '@babel/plugin-syntax-export-namespace-from': [ '7.8.3' ],
15 silly audit   '@babel/plugin-syntax-flow': [ '7.24.6' ],
15 silly audit   '@babel/plugin-syntax-import-assertions': [ '7.24.6' ],
15 silly audit   '@babel/plugin-syntax-import-attributes': [ '7.24.6' ],
15 silly audit   '@babel/plugin-syntax-import-meta': [ '7.10.4' ],
15 silly audit   '@babel/plugin-syntax-json-strings': [ '7.8.3' ],
15 silly audit   '@babel/plugin-syntax-jsx': [ '7.24.6' ],
15 silly audit   '@babel/plugin-syntax-logical-assignment-operators': [ '7.10.4' ],
15 silly audit   '@babel/plugin-syntax-nullish-coalescing-operator': [ '7.8.3' ],
15 silly audit   '@babel/plugin-syntax-numeric-separator': [ '7.10.4' ],
15 silly audit   '@babel/plugin-syntax-object-rest-spread': [ '7.8.3' ],
15 silly audit   '@babel/plugin-syntax-optional-catch-binding': [ '7.8.3' ],
15 silly audit   '@babel/plugin-syntax-optional-chaining': [ '7.8.3' ],
15 silly audit   '@babel/plugin-syntax-private-property-in-object': [ '7.14.5' ],
15 silly audit   '@babel/plugin-syntax-top-level-await': [ '7.14.5' ],
15 silly audit   '@babel/plugin-syntax-typescript': [ '7.24.6' ],
15 silly audit   '@babel/plugin-syntax-unicode-sets-regex': [ '7.18.6' ],
15 silly audit   '@babel/plugin-transform-arrow-functions': [ '7.24.6' ],
15 silly audit   '@babel/plugin-transform-async-generator-functions': [ '7.24.6' ],
15 silly audit   '@babel/plugin-transform-async-to-generator': [ '7.24.6' ],
15 silly audit   '@babel/plugin-transform-block-scoped-functions': [ '7.24.6' ],
15 silly audit   '@babel/plugin-transform-block-scoping': [ '7.24.6' ],
15 silly audit   '@babel/plugin-transform-class-properties': [ '7.24.6' ],
15 silly audit   '@babel/plugin-transform-class-static-block': [ '7.24.6' ],
15 silly audit   '@babel/plugin-transform-classes': [ '7.24.6' ],
15 silly audit   '@babel/plugin-transform-computed-properties': [ '7.24.6' ],
15 silly audit   '@babel/plugin-transform-destructuring': [ '7.24.6' ],
15 silly audit   '@babel/plugin-transform-dotall-regex': [ '7.24.6' ],
15 silly audit   '@babel/plugin-transform-duplicate-keys': [ '7.24.6' ],
15 silly audit   '@babel/plugin-transform-dynamic-import': [ '7.24.6' ],
15 silly audit   '@babel/plugin-transform-exponentiation-operator': [ '7.24.6' ],
15 silly audit   '@babel/plugin-transform-export-namespace-from': [ '7.24.6' ],
15 silly audit   '@babel/plugin-transform-flow-strip-types': [ '7.24.6' ],
15 silly audit   '@babel/plugin-transform-for-of': [ '7.24.6' ],
15 silly audit   '@babel/plugin-transform-function-name': [ '7.24.6' ],
15 silly audit   '@babel/plugin-transform-json-strings': [ '7.24.6' ],
15 silly audit   '@babel/plugin-transform-literals': [ '7.24.6' ],
15 silly audit   '@babel/plugin-transform-logical-assignment-operators': [ '7.24.6' ],
15 silly audit   '@babel/plugin-transform-member-expression-literals': [ '7.24.6' ],
15 silly audit   '@babel/plugin-transform-modules-amd': [ '7.24.6' ],
15 silly audit   '@babel/plugin-transform-modules-commonjs': [ '7.24.6' ],
15 silly audit   '@babel/plugin-transform-modules-systemjs': [ '7.24.6' ],
15 silly audit   '@babel/plugin-transform-modules-umd': [ '7.24.6' ],
15 silly audit   '@babel/plugin-transform-named-capturing-groups-regex': [ '7.24.6' ],
15 silly audit   '@babel/plugin-transform-new-target': [ '7.24.6' ],
15 silly audit   '@babel/plugin-transform-nullish-coalescing-operator': [ '7.24.6' ],
15 silly audit   '@babel/plugin-transform-numeric-separator': [ '7.24.6' ],
15 silly audit   '@babel/plugin-transform-object-rest-spread': [ '7.24.6' ],
15 silly audit   '@babel/plugin-transform-object-super': [ '7.24.6' ],
15 silly audit   '@babel/plugin-transform-optional-catch-binding': [ '7.24.6' ],
15 silly audit   '@babel/plugin-transform-optional-chaining': [ '7.24.6' ],
15 silly audit   '@babel/plugin-transform-parameters': [ '7.24.6' ],
15 silly audit   '@babel/plugin-transform-private-methods': [ '7.24.6' ],
15 silly audit   '@babel/plugin-transform-private-property-in-object': [ '7.24.6' ],
15 silly audit   '@babel/plugin-transform-property-literals': [ '7.24.6' ],
15 silly audit   '@babel/plugin-transform-react-constant-elements': [ '7.24.6' ],
15 silly audit   '@babel/plugin-transform-react-display-name': [ '7.24.6' ],
15 silly audit   '@babel/plugin-transform-react-jsx': [ '7.24.6' ],
15 silly audit   '@babel/plugin-transform-react-jsx-development': [ '7.24.6' ],
15 silly audit   '@babel/plugin-transform-react-pure-annotations': [ '7.24.6' ],
15 silly audit   '@babel/plugin-transform-regenerator': [ '7.24.6' ],
15 silly audit   '@babel/plugin-transform-reserved-words': [ '7.24.6' ],
15 silly audit   '@babel/plugin-transform-runtime': [ '7.24.6' ],
15 silly audit   '@babel/plugin-transform-shorthand-properties': [ '7.24.6' ],
15 silly audit   '@babel/plugin-transform-spread': [ '7.24.6' ],
15 silly audit   '@babel/plugin-transform-sticky-regex': [ '7.24.6' ],
15 silly audit   '@babel/plugin-transform-template-literals': [ '7.24.6' ],
15 silly audit   '@babel/plugin-transform-typeof-symbol': [ '7.24.6' ],
15 silly audit   '@babel/plugin-transform-typescript': [ '7.24.6' ],
15 silly audit   '@babel/plugin-transform-unicode-escapes': [ '7.24.6' ],
15 silly audit   '@babel/plugin-transform-unicode-property-regex': [ '7.24.6' ],
15 silly audit   '@babel/plugin-transform-unicode-regex': [ '7.24.6' ],
15 silly audit   '@babel/plugin-transform-unicode-sets-regex': [ '7.24.6' ],
15 silly audit   '@babel/preset-env': [ '7.24.6' ],
15 silly audit   '@babel/preset-modules': [ '0.1.6-no-external-plugins' ],
15 silly audit   '@babel/preset-react': [ '7.24.6' ],
15 silly audit   '@babel/preset-typescript': [ '7.24.6' ],
15 silly audit   '@babel/regjsgen': [ '0.8.0' ],
15 silly audit   '@babel/runtime': [ '7.24.6' ],
15 silly audit   '@babel/template': [ '7.24.6' ],
15 silly audit   '@babel/traverse': [ '7.24.6' ],
15 silly audit   '@babel/types': [ '7.24.6' ],
15 silly audit   '@bcoe/v8-coverage': [ '0.2.3' ],
15 silly audit   '@cnakazawa/watch': [ '1.0.4' ],
15 silly audit   '@csstools/convert-colors': [ '1.4.0' ],
15 silly audit   '@csstools/normalize.css': [ '10.1.0' ],
15 silly audit   '@eslint/eslintrc': [ '0.4.3' ],
15 silly audit   globals: [ '13.24.0', '11.12.0' ],
15 silly audit   ignore: [ '4.0.6', '5.3.1' ],
15 silly audit   'type-fest': [ '0.20.2', '0.21.3', '0.8.1', '0.6.0', '0.3.1', '0.13.1' ],
15 silly audit   '@gar/promisify': [ '1.1.3' ],
15 silly audit   '@hapi/address': [ '2.1.4' ],
15 silly audit   '@hapi/bourne': [ '1.3.2' ],
15 silly audit   '@hapi/hoek': [ '8.5.1' ],
15 silly audit   '@hapi/joi': [ '15.1.1' ],
15 silly audit   '@hapi/topo': [ '3.1.6' ],
15 silly audit   '@humanwhocodes/config-array': [ '0.5.0' ],
15 silly audit   '@humanwhocodes/object-schema': [ '1.2.1' ],
15 silly audit   '@istanbuljs/load-nyc-config': [ '1.1.0' ],
15 silly audit   camelcase: [ '5.3.1', '6.3.0' ],
15 silly audit   '@istanbuljs/schema': [ '0.1.3' ],
15 silly audit   '@jest/console': [ '26.6.2' ],
15 silly audit   'ansi-styles': [ '4.3.0', '3.2.1' ],
15 silly audit   chalk: [ '4.1.2', '2.4.2' ],
15 silly audit   'color-convert': [ '2.0.1', '1.9.3' ],
15 silly audit   'color-name': [ '1.1.4', '1.1.3' ],
15 silly audit   'has-flag': [ '4.0.0', '3.0.0' ],
15 silly audit   'supports-color': [ '7.2.0', '8.1.1', '6.1.0', '5.5.0' ],
15 silly audit   '@jest/core': [ '26.6.3' ],
15 silly audit   'jest-resolve': [ '26.6.2', '26.6.0' ],
15 silly audit   '@jest/environment': [ '26.6.2' ],
15 silly audit   '@jest/fake-timers': [ '26.6.2' ],
15 silly audit   '@jest/globals': [ '26.6.2' ],
15 silly audit   '@jest/reporters': [ '26.6.2' ],
15 silly audit   'istanbul-lib-instrument': [ '4.0.3', '5.2.1' ],
15 silly audit   'jest-worker': [ '26.6.2', '27.5.1', '24.9.0' ],
15 silly audit   'source-map': [ '0.6.1', '0.5.7', '0.7.4' ],
15 silly audit   '@jest/source-map': [ '26.6.2' ],
15 silly audit   '@jest/test-result': [ '26.6.2' ],
15 silly audit   '@jest/test-sequencer': [ '26.6.3' ],
15 silly audit   '@jest/transform': [ '26.6.2' ],
15 silly audit   'convert-source-map': [ '1.9.0', '2.0.0', '1.7.0', '0.3.5' ],
15 silly audit   '@jest/types': [ '26.6.2' ],
15 silly audit   '@jridgewell/gen-mapping': [ '0.3.5' ],
15 silly audit   '@jridgewell/resolve-uri': [ '3.1.2' ],
15 silly audit   '@jridgewell/set-array': [ '1.2.1' ],
15 silly audit   '@jridgewell/source-map': [ '0.3.6' ],
15 silly audit   '@jridgewell/sourcemap-codec': [ '1.4.15' ],
15 silly audit   '@jridgewell/trace-mapping': [ '0.3.25' ],
15 silly audit   '@nodelib/fs.scandir': [ '2.1.5' ],
15 silly audit   '@nodelib/fs.stat': [ '2.0.5' ],
15 silly audit   '@nodelib/fs.walk': [ '1.2.8' ],
15 silly audit   '@npmcli/fs': [ '1.1.1' ],
15 silly audit   '@npmcli/move-file': [ '1.1.2' ],
15 silly audit   mkdirp: [ '1.0.4', '0.5.6' ],
15 silly audit   '@pmmmwh/react-refresh-webpack-plugin': [ '0.4.3' ],
15 silly audit   '@remix-run/router': [ '1.16.1' ],
15 silly audit   '@rollup/plugin-node-resolve': [ '7.1.3' ],
15 silly audit   '@rollup/plugin-replace': [ '2.4.2' ],
15 silly audit   '@rollup/pluginutils': [ '3.1.0' ],
15 silly audit   '@types/estree': [ '0.0.39', '1.0.5' ],
15 silly audit   '@sinonjs/commons': [ '1.8.6' ],
15 silly audit   '@sinonjs/fake-timers': [ '6.0.1' ],
15 silly audit   '@surma/rollup-plugin-off-main-thread': [ '1.4.2' ],
15 silly audit   '@svgr/babel-plugin-add-jsx-attribute': [ '5.4.0' ],
15 silly audit   '@svgr/babel-plugin-remove-jsx-attribute': [ '5.4.0' ],
15 silly audit   '@svgr/babel-plugin-remove-jsx-empty-expression': [ '5.0.1' ],
15 silly audit   '@svgr/babel-plugin-replace-jsx-attribute-value': [ '5.0.1' ],
15 silly audit   '@svgr/babel-plugin-svg-dynamic-title': [ '5.4.0' ],
15 silly audit   '@svgr/babel-plugin-svg-em-dimensions': [ '5.4.0' ],
15 silly audit   '@svgr/babel-plugin-transform-react-native-svg': [ '5.4.0' ],
15 silly audit   '@svgr/babel-plugin-transform-svg-component': [ '5.5.0' ],
15 silly audit   '@svgr/babel-preset': [ '5.5.0' ],
15 silly audit   '@svgr/core': [ '5.5.0' ],
15 silly audit   '@svgr/hast-util-to-babel-ast': [ '5.5.0' ],
15 silly audit   '@svgr/plugin-jsx': [ '5.5.0' ],
15 silly audit   '@svgr/plugin-svgo': [ '5.5.0' ],
15 silly audit   '@svgr/webpack': [ '5.5.0' ],
15 silly audit   '@tootallnate/once': [ '1.1.2' ],
15 silly audit   '@types/babel__core': [ '7.20.5' ],
15 silly audit   '@types/babel__generator': [ '7.6.8' ],
15 silly audit   '@types/babel__template': [ '7.4.4' ],
15 silly audit   '@types/babel__traverse': [ '7.20.6' ],
15 silly audit   '@types/eslint': [ '7.29.0' ],
15 silly audit   '@types/glob': [ '7.2.0' ],
15 silly audit   '@types/graceful-fs': [ '4.1.9' ],
15 silly audit   '@types/html-minifier-terser': [ '5.1.2' ],
15 silly audit   '@types/istanbul-lib-coverage': [ '2.0.6' ],
15 silly audit   '@types/istanbul-lib-report': [ '3.0.3' ],
15 silly audit   '@types/istanbul-reports': [ '3.0.4' ],
15 silly audit   '@types/json-schema': [ '7.0.15' ],
15 silly audit   '@types/json5': [ '0.0.29' ],
15 silly audit   '@types/minimatch': [ '5.1.2' ],
15 silly audit   '@types/node': [ '20.12.12' ],
15 silly audit   '@types/normalize-package-data': [ '2.4.4' ],
15 silly audit   '@types/parse-json': [ '4.0.2' ],
15 silly audit   '@types/prettier': [ '2.7.3' ],
15 silly audit   '@types/q': [ '1.5.8' ],
15 silly audit   '@types/resolve': [ '0.0.8' ],
15 silly audit   '@types/source-list-map': [ '0.1.6' ],
15 silly audit   '@types/stack-utils': [ '2.0.3' ],
15 silly audit   '@types/tapable': [ '1.0.12' ],
15 silly audit   '@types/uglify-js': [ '3.17.5' ],
15 silly audit   '@types/webpack': [ '4.41.38' ],
15 silly audit   '@types/webpack-sources': [ '3.2.3' ],
15 silly audit   '@types/yargs': [ '15.0.19' ],
15 silly audit   '@types/yargs-parser': [ '21.0.3' ],
15 silly audit   '@typescript-eslint/eslint-plugin': [ '4.33.0' ],
15 silly audit   '@typescript-eslint/experimental-utils': [ '4.33.0', '3.10.1' ],
15 silly audit   '@typescript-eslint/parser': [ '4.33.0' ],
15 silly audit   '@typescript-eslint/scope-manager': [ '4.33.0' ],
15 silly audit   '@typescript-eslint/types': [ '4.33.0', '3.10.1' ],
15 silly audit   '@typescript-eslint/typescript-estree': [ '4.33.0', '3.10.1' ],
15 silly audit   '@typescript-eslint/visitor-keys': [ '4.33.0', '3.10.1' ],
15 silly audit   '@webassemblyjs/ast': [ '1.9.0' ],
15 silly audit   '@webassemblyjs/floating-point-hex-parser': [ '1.9.0' ],
15 silly audit   '@webassemblyjs/helper-api-error': [ '1.9.0' ],
15 silly audit   '@webassemblyjs/helper-buffer': [ '1.9.0' ],
15 silly audit   '@webassemblyjs/helper-code-frame': [ '1.9.0' ],
15 silly audit   '@webassemblyjs/helper-fsm': [ '1.9.0' ],
15 silly audit   '@webassemblyjs/helper-module-context': [ '1.9.0' ],
15 silly audit   '@webassemblyjs/helper-wasm-bytecode': [ '1.9.0' ],
15 silly audit   '@webassemblyjs/helper-wasm-section': [ '1.9.0' ],
15 silly audit   '@webassemblyjs/ieee754': [ '1.9.0' ],
15 silly audit   '@webassemblyjs/leb128': [ '1.9.0' ],
15 silly audit   '@webassemblyjs/utf8': [ '1.9.0' ],
15 silly audit   '@webassemblyjs/wasm-edit': [ '1.9.0' ],
15 silly audit   '@webassemblyjs/wasm-gen': [ '1.9.0' ],
15 silly audit   '@webassemblyjs/wasm-opt': [ '1.9.0' ],
15 silly audit   '@webassemblyjs/wasm-parser': [ '1.9.0' ],
15 silly audit   '@webassemblyjs/wast-parser': [ '1.9.0' ],
15 silly audit   '@webassemblyjs/wast-printer': [ '1.9.0' ],
15 silly audit   '@xtuc/ieee754': [ '1.2.0' ],
15 silly audit   '@xtuc/long': [ '4.2.2' ],
15 silly audit   abab: [ '2.0.6' ],
15 silly audit   accepts: [ '1.3.8' ],
15 silly audit   acorn: [ '7.4.1', '8.11.3', '6.4.2' ],
15 silly audit   'acorn-globals': [ '6.0.0' ],
15 silly audit   'acorn-jsx': [ '5.3.2' ],
15 silly audit   'acorn-walk': [ '7.2.0' ],
15 silly audit   address: [ '1.1.2' ],
15 silly audit   'adjust-sourcemap-loader': [ '3.0.0' ],
15 silly audit   'agent-base': [ '6.0.2' ],
15 silly audit   'aggregate-error': [ '3.1.0' ],
15 silly audit   ajv: [ '6.12.6', '8.13.0' ],
15 silly audit   'ajv-errors': [ '1.0.1' ],
15 silly audit   'ajv-keywords': [ '3.5.2' ],
15 silly audit   'alphanum-sort': [ '1.0.2' ],
15 silly audit   'ansi-colors': [ '4.1.3', '3.2.4' ],
15 silly audit   'ansi-escapes': [ '4.3.2' ],
15 silly audit   'ansi-html': [ '0.0.7' ],
15 silly audit   'ansi-regex': [ '5.0.1', '2.1.1', '4.1.1' ],
15 silly audit   anymatch: [ '3.1.3', '2.0.0' ],
15 silly audit   aproba: [ '1.2.0' ],
15 silly audit   argparse: [ '1.0.10' ],
15 silly audit   'aria-query': [ '5.3.0' ],
15 silly audit   'arity-n': [ '1.0.4' ],
15 silly audit   'arr-diff': [ '4.0.0' ],
15 silly audit   'arr-flatten': [ '1.1.0' ],
15 silly audit   'arr-union': [ '3.1.0' ],
15 silly audit   'array-buffer-byte-length': [ '1.0.1' ],
15 silly audit   'array-flatten': [ '2.1.2', '1.1.1' ],
15 silly audit   'array-includes': [ '3.1.8' ],
15 silly audit   'array-union': [ '2.1.0', '1.0.2' ],
15 silly audit   'array-uniq': [ '1.0.3' ],
15 silly audit   'array-unique': [ '0.3.2' ],
15 silly audit   'array.prototype.findlast': [ '1.2.5' ],
15 silly audit   'array.prototype.findlastindex': [ '1.2.5' ],
15 silly audit   'array.prototype.flat': [ '1.3.2' ],
15 silly audit   'array.prototype.flatmap': [ '1.3.2' ],
15 silly audit   'array.prototype.reduce': [ '1.0.7' ],
15 silly audit   'array.prototype.toreversed': [ '1.1.2' ],
15 silly audit   'array.prototype.tosorted': [ '1.1.3' ],
15 silly audit   'arraybuffer.prototype.slice': [ '1.0.3' ],
15 silly audit   arrify: [ '2.0.1' ],
15 silly audit   asap: [ '2.0.6' ],
15 silly audit   'asn1.js': [ '4.10.1' ],
15 silly audit   'bn.js': [ '4.12.0', '5.2.1' ],
15 silly audit   assert: [ '1.5.1' ],
15 silly audit   inherits: [ '2.0.3', '2.0.4' ],
15 silly audit   util: [ '0.10.4', '0.11.1' ],
15 silly audit   'assign-symbols': [ '1.0.0' ],
15 silly audit   'ast-types-flow': [ '0.0.8' ],
15 silly audit   'astral-regex': [ '2.0.0' ],
15 silly audit   async: [ '2.6.4' ],
15 silly audit   'async-each': [ '1.0.6' ],
15 silly audit   'async-limiter': [ '1.0.1' ],
15 silly audit   asynckit: [ '0.4.0' ],
15 silly audit   'at-least-node': [ '1.0.0' ],
15 silly audit   atob: [ '2.1.2' ],
15 silly audit   autoprefixer: [ '9.8.8' ],
15 silly audit   picocolors: [ '0.2.1', '1.0.1' ],
15 silly audit   'available-typed-arrays': [ '1.0.7' ],
15 silly audit   'axe-core': [ '4.7.0' ],
15 silly audit   'axobject-query': [ '3.2.1' ],
15 silly audit   'babel-eslint': [ '10.1.0' ],
15 silly audit   'eslint-visitor-keys': [ '1.3.0', '2.1.0' ],
15 silly audit   'babel-extract-comments': [ '1.0.0' ],
15 silly audit   'babel-jest': [ '26.6.3' ],
15 silly audit   'babel-loader': [ '8.1.0' ],
15 silly audit   json5: [ '1.0.2', '2.2.3' ],
15 silly audit   'loader-utils': [ '1.4.2', '2.0.4', '2.0.0' ],
15 silly audit   'babel-plugin-istanbul': [ '6.1.1' ],
15 silly audit   'babel-plugin-jest-hoist': [ '26.6.2' ],
15 silly audit   'babel-plugin-macros': [ '3.1.0' ],
15 silly audit   'babel-plugin-named-asset-import': [ '0.3.8' ],
15 silly audit   'babel-plugin-polyfill-corejs2': [ '0.4.11' ],
15 silly audit   'babel-plugin-polyfill-corejs3': [ '0.10.4' ],
15 silly audit   'babel-plugin-polyfill-regenerator': [ '0.6.2' ],
15 silly audit   'babel-plugin-syntax-object-rest-spread': [ '6.13.0' ],
15 silly audit   'babel-plugin-transform-object-rest-spread': [ '6.26.0' ],
15 silly audit   'babel-plugin-transform-react-remove-prop-types': [ '0.4.24' ],
15 silly audit   'babel-preset-current-node-syntax': [ '1.0.1' ],
15 silly audit   'babel-preset-jest': [ '26.6.2' ],
15 silly audit   'babel-preset-react-app': [ '10.0.1' ],
15 silly audit   'babel-runtime': [ '6.26.0' ],
15 silly audit   'core-js': [ '2.6.12', '3.37.1' ],
15 silly audit   'regenerator-runtime': [ '0.11.1', '0.13.11', '0.14.1' ],
15 silly audit   babylon: [ '6.18.0' ],
15 silly audit   'balanced-match': [ '1.0.2' ],
15 silly audit   base: [ '0.11.2' ],
15 silly audit   'define-property': [ '1.0.0', '0.2.5', '2.0.2' ],
15 silly audit   'base64-js': [ '1.5.1' ],
15 silly audit   batch: [ '0.6.1' ],
15 silly audit   bfj: [ '7.1.0' ],
15 silly audit   'big.js': [ '5.2.2' ],
15 silly audit   'binary-extensions': [ '2.3.0', '1.13.1' ],
15 silly audit   bindings: [ '1.5.0' ],
15 silly audit   bluebird: [ '3.7.2' ],
15 silly audit   'body-parser': [ '1.20.2' ],
15 silly audit   bytes: [ '3.1.2', '3.0.0' ],
15 silly audit   debug: [ '2.6.9', '4.3.4', '3.2.7' ],
15 silly audit   ms: [ '2.0.0', '2.1.2', '2.1.3' ],
15 silly audit   qs: [ '6.11.0', '6.12.1' ],
15 silly audit   bonjour: [ '3.5.0' ],
15 silly audit   'deep-equal': [ '1.1.2' ],
15 silly audit   boolbase: [ '1.0.0' ],
15 silly audit   'brace-expansion': [ '1.1.11' ],
15 silly audit   braces: [ '3.0.3', '2.3.2' ],
15 silly audit   brorand: [ '1.1.0' ],
15 silly audit   'browser-process-hrtime': [ '1.0.0' ],
15 silly audit   'browserify-aes': [ '1.2.0' ],
15 silly audit   'browserify-cipher': [ '1.0.1' ],
15 silly audit   'browserify-des': [ '1.0.2' ],
15 silly audit   'browserify-rsa': [ '4.1.0' ],
15 silly audit   'browserify-sign': [ '4.2.3' ],
15 silly audit   'browserify-zlib': [ '0.2.0' ],
15 silly audit   browserslist: [ '4.23.0', '4.14.2' ],
15 silly audit   bser: [ '2.1.1' ],
15 silly audit   buffer: [ '4.9.2' ],
15 silly audit   'buffer-from': [ '1.1.2' ],
15 silly audit   'buffer-indexof': [ '1.1.1' ],
15 silly audit   'buffer-xor': [ '1.0.3' ],
15 silly audit   isarray: [ '1.0.0', '2.0.5' ],
15 silly audit   'builtin-modules': [ '3.3.0' ],
15 silly audit   'builtin-status-codes': [ '3.0.0' ],
15 silly audit   cacache: [ '15.3.0', '12.0.4' ],
15 silly audit   'lru-cache': [ '6.0.0', '5.1.1' ],
15 silly audit   yallist: [ '4.0.0', '3.1.1' ],
15 silly audit   'cache-base': [ '1.0.1' ],
15 silly audit   'call-bind': [ '1.0.7' ],
15 silly audit   'caller-callsite': [ '2.0.0' ],
15 silly audit   callsites: [ '2.0.0', '3.1.0' ],
15 silly audit   'caller-path': [ '2.0.0' ],
15 silly audit   'camel-case': [ '4.1.2' ],
15 silly audit   'caniuse-api': [ '3.0.0' ],
15 silly audit   'caniuse-lite': [ '1.0.30001621' ],
15 silly audit   'capture-exit': [ '2.0.0' ],
15 silly audit   'case-sensitive-paths-webpack-plugin': [ '2.3.0' ],
15 silly audit   'char-regex': [ '1.0.2' ],
15 silly audit   'check-types': [ '11.2.3' ],
15 silly audit   chokidar: [ '3.6.0', '2.1.8' ],
15 silly audit   chownr: [ '2.0.0', '1.1.4' ],
15 silly audit   'chrome-trace-event': [ '1.0.3' ],
15 silly audit   'cipher-base': [ '1.0.4' ],
15 silly audit   'cjs-module-lexer': [ '0.6.0' ],
15 silly audit   'class-utils': [ '0.3.6' ],
15 silly audit   'is-descriptor': [ '0.1.7', '1.0.3' ],
15 silly audit   'clean-css': [ '4.2.4' ],
15 silly audit   'clean-stack': [ '2.2.0' ],
15 silly audit   cliui: [ '6.0.0', '5.0.0' ],
15 silly audit   co: [ '4.6.0' ],
15 silly audit   coa: [ '2.0.2' ],
15 silly audit   'collect-v8-coverage': [ '1.0.2' ],
15 silly audit   'collection-visit': [ '1.0.0' ],
15 silly audit   color: [ '3.2.1' ],
15 silly audit   'color-string': [ '1.9.1' ],
15 silly audit   'combined-stream': [ '1.0.8' ],
15 silly audit   commander: [ '4.1.1', '2.20.3' ],
15 silly audit   'common-tags': [ '1.8.2' ],
15 silly audit   commondir: [ '1.0.1' ],
15 silly audit   'component-emitter': [ '1.3.1' ],
15 silly audit   'compose-function': [ '3.0.3' ],
15 silly audit   compressible: [ '2.0.18' ],
15 silly audit   compression: [ '1.7.4' ],
15 silly audit   'safe-buffer': [ '5.1.2', '5.2.1' ],
15 silly audit   'concat-map': [ '0.0.1' ],
15 silly audit   'concat-stream': [ '1.6.2' ],
15 silly audit   'confusing-browser-globals': [ '1.0.11' ],
15 silly audit   'connect-history-api-fallback': [ '1.6.0' ],
15 silly audit   'console-browserify': [ '1.2.0' ],
15 silly audit   'constants-browserify': [ '1.0.0' ],
15 silly audit   'content-disposition': [ '0.5.4' ],
15 silly audit   'content-type': [ '1.0.5' ],
15 silly audit   cookie: [ '0.6.0' ],
15 silly audit   'cookie-signature': [ '1.0.6' ],
15 silly audit   'copy-concurrently': [ '1.0.5' ],
15 silly audit   rimraf: [ '2.7.1', '3.0.2' ],
15 silly audit   'copy-descriptor': [ '0.1.1' ],
15 silly audit   'core-js-compat': [ '3.37.1' ],
15 silly audit   'core-util-is': [ '1.0.3' ],
15 silly audit   cosmiconfig: [ '7.1.0', '5.2.1' ],
15 silly audit   'create-ecdh': [ '4.0.4' ],
15 silly audit   'create-hash': [ '1.2.0' ],
15 silly audit   'create-hmac': [ '1.1.7' ],
15 silly audit   'cross-spawn': [ '7.0.3', '6.0.5' ],
15 silly audit   'crypto-browserify': [ '3.12.0' ],
15 silly audit   'crypto-random-string': [ '1.0.0' ],
15 silly audit   css: [ '2.2.4' ],
15 silly audit   'css-blank-pseudo': [ '0.1.4' ],
15 silly audit   'css-color-names': [ '0.0.4' ],
15 silly audit   'css-declaration-sorter': [ '4.0.1' ],
15 silly audit   'css-has-pseudo': [ '0.10.0' ],
15 silly audit   cssesc: [ '2.0.0', '3.0.0' ],
15 silly audit   'postcss-selector-parser': [ '5.0.0', '3.1.2', '6.1.0' ],
15 silly audit   'css-loader': [ '4.3.0' ],
15 silly audit   'css-prefers-color-scheme': [ '3.1.1' ],
15 silly audit   'css-select': [ '4.3.0', '2.1.0' ],
15 silly audit   'css-select-base-adapter': [ '0.1.1' ],
15 silly audit   'css-tree': [ '1.0.0-alpha.37', '1.1.3' ],
15 silly audit   'css-what': [ '6.1.0', '3.4.2' ],
15 silly audit   cssdb: [ '4.4.0' ],
15 silly audit   cssnano: [ '4.1.11' ],
15 silly audit   'cssnano-preset-default': [ '4.0.8' ],
15 silly audit   'cssnano-util-get-arguments': [ '4.0.0' ],
15 silly audit   'cssnano-util-get-match': [ '4.0.0' ],
15 silly audit   'cssnano-util-raw-cache': [ '4.0.1' ],
15 silly audit   'cssnano-util-same-parent': [ '4.0.1' ],
15 silly audit   'import-fresh': [ '2.0.0', '3.3.0' ],
15 silly audit   'parse-json': [ '4.0.0', '5.2.0' ],
15 silly audit   'resolve-from': [ '3.0.0', '4.0.0', '5.0.0' ],
15 silly audit   csso: [ '4.2.0' ],
15 silly audit   'mdn-data': [ '2.0.14', '2.0.4' ],
15 silly audit   cssom: [ '0.4.4', '0.3.8' ],
15 silly audit   cssstyle: [ '2.3.0' ],
15 silly audit   cyclist: [ '1.0.2' ],
15 silly audit   d: [ '1.0.2' ],
15 silly audit   'damerau-levenshtein': [ '1.0.8' ],
15 silly audit   'data-urls': [ '2.0.0' ],
15 silly audit   'data-view-buffer': [ '1.0.1' ],
15 silly audit   'data-view-byte-length': [ '1.0.1' ],
15 silly audit   'data-view-byte-offset': [ '1.0.0' ],
15 silly audit   decamelize: [ '1.2.0' ],
15 silly audit   'decimal.js': [ '10.4.3' ],
15 silly audit   'decode-uri-component': [ '0.2.2' ],
15 silly audit   dedent: [ '0.7.0' ],
15 silly audit   'deep-is': [ '0.1.4' ],
15 silly audit   deepmerge: [ '4.3.1' ],
15 silly audit   'default-gateway': [ '4.2.0' ],
15 silly audit   execa: [ '1.0.0', '4.1.0' ],
15 silly audit   'get-stream': [ '4.1.0', '5.2.0' ],
15 silly audit   'is-stream': [ '1.1.0', '2.0.1' ],
15 silly audit   'npm-run-path': [ '2.0.2', '4.0.1' ],
15 silly audit   'path-key': [ '2.0.1', '3.1.1' ],
15 silly audit   'shebang-command': [ '1.2.0', '2.0.0' ],
15 silly audit   'shebang-regex': [ '1.0.0', '3.0.0' ],
15 silly audit   which: [ '1.3.1', '2.0.2' ],
15 silly audit   'define-data-property': [ '1.1.4' ],
15 silly audit   'define-properties': [ '1.2.1' ],
15 silly audit   del: [ '4.1.1' ],
15 silly audit   globby: [ '6.1.0', '11.1.0', '11.0.1' ],
15 silly audit   pify: [ '2.3.0', '4.0.1' ],
15 silly audit   'p-map': [ '2.1.0', '4.0.0' ],
15 silly audit   'delayed-stream': [ '1.0.0' ],
15 silly audit   depd: [ '2.0.0', '1.1.2' ],
15 silly audit   dequal: [ '2.0.3' ],
15 silly audit   'des.js': [ '1.1.0' ],
15 silly audit   destroy: [ '1.2.0' ],
15 silly audit   'detect-newline': [ '3.1.0' ],
15 silly audit   'detect-node': [ '2.1.0' ],
15 silly audit   'detect-port-alt': [ '1.1.6' ],
15 silly audit   'diff-sequences': [ '26.6.2' ],
15 silly audit   'diffie-hellman': [ '5.0.3' ],
15 silly audit   'dir-glob': [ '3.0.1' ],
15 silly audit   'dns-equal': [ '1.0.0' ],
15 silly audit   'dns-packet': [ '1.3.4' ],
15 silly audit   'dns-txt': [ '2.0.2' ],
15 silly audit   doctrine: [ '3.0.0', '2.1.0' ],
15 silly audit   'dom-converter': [ '0.2.0' ],
15 silly audit   'dom-serializer': [ '1.4.1', '0.2.2' ],
15 silly audit   'domain-browser': [ '1.2.0' ],
15 silly audit   domelementtype: [ '2.3.0', '1.3.1' ],
15 silly audit   domexception: [ '2.0.1' ],
15 silly audit   'webidl-conversions': [ '5.0.0', '6.1.0' ],
15 silly audit   domhandler: [ '4.3.1' ],
15 silly audit   domutils: [ '2.8.0', '1.7.0' ],
15 silly audit   'dot-case': [ '3.0.4' ],
15 silly audit   'dot-prop': [ '5.3.0' ],
15 silly audit   'is-obj': [ '2.0.0', '1.0.1' ],
15 silly audit   dotenv: [ '8.2.0' ],
15 silly audit   'dotenv-expand': [ '5.1.0' ],
15 silly audit   duplexer: [ '0.1.2' ],
15 silly audit   duplexify: [ '3.7.1' ],
15 silly audit   'ee-first': [ '1.1.1' ],
15 silly audit   ejs: [ '2.7.4' ],
15 silly audit   'electron-to-chromium': [ '1.4.783' ],
15 silly audit   elliptic: [ '6.5.5' ],
15 silly audit   emittery: [ '0.7.2' ],
15 silly audit   'emoji-regex': [ '9.2.2', '8.0.0', '7.0.3' ],
15 silly audit   'emojis-list': [ '3.0.0' ],
15 silly audit   encodeurl: [ '1.0.2' ],
15 silly audit   'end-of-stream': [ '1.4.4' ],
15 silly audit   'enhanced-resolve': [ '4.5.0' ],
15 silly audit   'memory-fs': [ '0.5.0', '0.4.1' ],
15 silly audit   enquirer: [ '2.4.1' ],
15 silly audit   entities: [ '2.2.0' ],
15 silly audit   errno: [ '0.1.8' ],
15 silly audit   'error-ex': [ '1.3.2' ],
15 silly audit   'error-stack-parser': [ '2.1.4' ],
15 silly audit   'es-abstract': [ '1.23.3' ],
15 silly audit   'es-array-method-boxes-properly': [ '1.0.0' ],
15 silly audit   'es-define-property': [ '1.0.0' ],
15 silly audit   'es-errors': [ '1.3.0' ],
15 silly audit   'es-iterator-helpers': [ '1.0.19' ],
15 silly audit   'es-object-atoms': [ '1.0.0' ],
15 silly audit   'es-set-tostringtag': [ '2.0.3' ],
15 silly audit   'es-shim-unscopables': [ '1.0.2' ],
15 silly audit   'es-to-primitive': [ '1.2.1' ],
15 silly audit   'es5-ext': [ '0.10.64' ],
15 silly audit   'es6-iterator': [ '2.0.3' ],
15 silly audit   'es6-symbol': [ '3.1.4' ],
15 silly audit   escalade: [ '3.1.2' ],
15 silly audit   'escape-html': [ '1.0.3' ],
15 silly audit   'escape-string-regexp': [ '1.0.5', '4.0.0', '2.0.0' ],
15 silly audit   escodegen: [ '2.1.0', '1.14.3' ],
15 silly audit   eslint: [ '7.32.0' ],
15 silly audit   'eslint-config-react-app': [ '6.0.0' ],
15 silly audit   'eslint-import-resolver-node': [ '0.3.9' ],
15 silly audit   'eslint-module-utils': [ '2.8.1' ],
15 silly audit   'eslint-plugin-flowtype': [ '5.10.0' ],
15 silly audit   'eslint-plugin-import': [ '2.29.1' ],
15 silly audit   'eslint-plugin-jest': [ '24.7.0' ],
15 silly audit   'eslint-plugin-jsx-a11y': [ '6.8.0' ],
15 silly audit   'eslint-plugin-react': [ '7.34.1' ],
15 silly audit   'eslint-plugin-react-hooks': [ '4.6.2' ],
15 silly audit   resolve: [ '2.0.0-next.5', '1.18.1', '1.22.8' ],
15 silly audit   'eslint-plugin-testing-library': [ '3.10.2' ],
15 silly audit   'eslint-utils': [ '2.1.0', '3.0.0' ],
15 silly audit   'eslint-scope': [ '5.1.1', '4.0.3' ],
15 silly audit   estraverse: [ '4.3.0', '5.3.0' ],
15 silly audit   'eslint-webpack-plugin': [ '2.7.0' ],
15 silly audit   'schema-utils': [ '3.3.0', '1.0.0', '2.7.1' ],
15 silly audit   esniff: [ '2.0.1' ],
15 silly audit   espree: [ '7.3.1' ],
15 silly audit   esprima: [ '4.0.1', '1.2.2' ],
15 silly audit   esquery: [ '1.5.0' ],
15 silly audit   esrecurse: [ '4.3.0' ],
15 silly audit   'estree-walker': [ '1.0.1', '0.6.1' ],
15 silly audit   esutils: [ '2.0.3' ],
15 silly audit   etag: [ '1.8.1' ],
15 silly audit   'event-emitter': [ '0.3.5' ],
15 silly audit   eventemitter3: [ '4.0.7' ],
15 silly audit   events: [ '3.3.0' ],
15 silly audit   eventsource: [ '2.0.2' ],
15 silly audit   evp_bytestokey: [ '1.0.3' ],
15 silly audit   'exec-sh': [ '0.3.6' ],
15 silly audit   exit: [ '0.1.2' ],
15 silly audit   'expand-brackets': [ '2.1.4' ],
15 silly audit   'extend-shallow': [ '2.0.1', '3.0.2' ],
15 silly audit   'is-extendable': [ '0.1.1', '1.0.1' ],
15 silly audit   expect: [ '26.6.2' ],
15 silly audit   express: [ '4.19.2' ],
15 silly audit   ext: [ '1.7.0' ],
15 silly audit   extglob: [ '2.0.4' ],
15 silly audit   'fast-deep-equal': [ '3.1.3' ],
15 silly audit   'fast-glob': [ '3.3.2' ],
15 silly audit   'fast-json-stable-stringify': [ '2.1.0' ],
15 silly audit   'fast-levenshtein': [ '2.0.6' ],
15 silly audit   fastq: [ '1.17.1' ],
15 silly audit   'faye-websocket': [ '0.11.4' ],
15 silly audit   'fb-watchman': [ '2.0.2' ],
15 silly audit   'figgy-pudding': [ '3.5.2' ],
15 silly audit   'file-entry-cache': [ '6.0.1' ],
15 silly audit   'file-loader': [ '6.1.1' ],
15 silly audit   'file-uri-to-path': [ '1.0.0' ],
15 silly audit   filesize: [ '6.1.0' ],
15 silly audit   'fill-range': [ '7.1.1', '4.0.0' ],
15 silly audit   finalhandler: [ '1.2.0' ],
15 silly audit   'find-cache-dir': [ '2.1.0', '3.3.2' ],
15 silly audit   'find-up': [ '4.1.0', '3.0.0' ],
15 silly audit   'flat-cache': [ '3.2.0' ],
15 silly audit   flatted: [ '3.3.1' ],
15 silly audit   flatten: [ '1.0.3' ],
15 silly audit   'flush-write-stream': [ '1.1.1' ],
15 silly audit   'follow-redirects': [ '1.15.6' ],
15 silly audit   'for-each': [ '0.3.3' ],
15 silly audit   'for-in': [ '1.0.2' ],
15 silly audit   'fork-ts-checker-webpack-plugin': [ '4.1.6' ],
15 silly audit   'is-number': [ '3.0.0', '7.0.0' ],
15 silly audit   'kind-of': [ '3.2.2', '4.0.0', '6.0.3' ],
15 silly audit   micromatch: [ '3.1.10', '4.0.7' ],
15 silly audit   'to-regex-range': [ '2.1.1', '5.0.1' ],
15 silly audit   'form-data': [ '3.0.1' ],
15 silly audit   forwarded: [ '0.2.0' ],
15 silly audit   'fragment-cache': [ '0.2.1' ],
15 silly audit   fresh: [ '0.5.2' ],
15 silly audit   from2: [ '2.3.0' ],
15 silly audit   'fs-extra': [ '9.1.0', '7.0.1', '8.1.0' ],
15 silly audit   'fs-minipass': [ '2.1.0' ],
15 silly audit   'fs-write-stream-atomic': [ '1.0.10' ],
15 silly audit   'fs.realpath': [ '1.0.0' ],
15 silly audit   fsevents: [ '2.3.3', '1.2.13' ],
15 silly audit   'function-bind': [ '1.1.2' ],
15 silly audit   'function.prototype.name': [ '1.1.6' ],
15 silly audit   'functional-red-black-tree': [ '1.0.1' ],
15 silly audit   'functions-have-names': [ '1.2.3' ],
15 silly audit   gensync: [ '1.0.0-beta.2' ],
15 silly audit   'get-caller-file': [ '2.0.5' ],
15 silly audit   'get-intrinsic': [ '1.2.4' ],
15 silly audit   'get-own-enumerable-property-symbols': [ '3.0.2' ],
15 silly audit   'get-package-type': [ '0.1.0' ],
15 silly audit   'get-symbol-description': [ '1.0.2' ],
15 silly audit   'get-value': [ '2.0.6' ],
15 silly audit   glob: [ '7.2.3' ],
15 silly audit   'glob-parent': [ '5.1.2', '3.1.0' ],
15 silly audit   'global-modules': [ '2.0.0' ],
15 silly audit   'global-prefix': [ '3.0.0' ],
15 silly audit   globalthis: [ '1.0.4' ],
15 silly audit   gopd: [ '1.0.1' ],
15 silly audit   'graceful-fs': [ '4.2.11' ],
15 silly audit   growly: [ '1.3.0' ],
15 silly audit   'gzip-size': [ '5.1.1' ],
15 silly audit   'handle-thing': [ '2.0.1' ],
15 silly audit   'harmony-reflect': [ '1.6.2' ],
15 silly audit   has: [ '1.0.4' ],
15 silly audit   'has-bigints': [ '1.0.2' ],
15 silly audit   'has-property-descriptors': [ '1.0.2' ],
15 silly audit   'has-proto': [ '1.0.3' ],
15 silly audit   'has-symbols': [ '1.0.3' ],
15 silly audit   'has-tostringtag': [ '1.0.2' ],
15 silly audit   'has-value': [ '1.0.0', '0.3.1' ],
15 silly audit   'has-values': [ '1.0.0', '0.1.4' ],
15 silly audit   'hash-base': [ '3.0.4' ],
15 silly audit   'hash.js': [ '1.1.7' ],
15 silly audit   hasown: [ '2.0.2' ],
15 silly audit   he: [ '1.2.0' ],
15 silly audit   'hex-color-regex': [ '1.1.0' ],
15 silly audit   'hmac-drbg': [ '1.0.1' ],
15 silly audit   hoopy: [ '0.1.4' ],
15 silly audit   'hosted-git-info': [ '2.8.9' ],
15 silly audit   'hpack.js': [ '2.1.6' ],
15 silly audit   'hsl-regex': [ '1.0.0' ],
15 silly audit   'hsla-regex': [ '1.0.0' ],
15 silly audit   'html-encoding-sniffer': [ '2.0.1' ],
15 silly audit   'html-entities': [ '1.4.0' ],
15 silly audit   'html-escaper': [ '2.0.2' ],
15 silly audit   'html-minifier-terser': [ '5.1.1' ],
15 silly audit   'html-webpack-plugin': [ '4.5.0' ],
15 silly audit   'util.promisify': [ '1.0.0', '1.0.1' ],
15 silly audit   htmlparser2: [ '6.1.0' ],
15 silly audit   'http-deceiver': [ '1.2.7' ],
15 silly audit   'http-errors': [ '2.0.0', '1.6.3' ],
15 silly audit   'http-parser-js': [ '0.5.8' ],
15 silly audit   'http-proxy': [ '1.18.1' ],
15 silly audit   'http-proxy-agent': [ '4.0.1' ],
15 silly audit   'http-proxy-middleware': [ '0.19.1' ],
15 silly audit   'https-browserify': [ '1.0.0' ],
15 silly audit   'https-proxy-agent': [ '5.0.1' ],
15 silly audit   'human-signals': [ '1.1.1' ],
15 silly audit   'iconv-lite': [ '0.4.24' ],
15 silly audit   'icss-utils': [ '4.1.1' ],
15 silly audit   'identity-obj-proxy': [ '3.0.0' ],
15 silly audit   ieee754: [ '1.2.1' ],
15 silly audit   iferr: [ '0.1.5' ],
15 silly audit   immer: [ '8.0.1' ],
15 silly audit   'import-cwd': [ '2.1.0' ],
15 silly audit   'import-from': [ '2.1.0' ],
15 silly audit   'import-local': [ '3.1.0', '2.0.0' ],
15 silly audit   'pkg-dir': [ '4.2.0', '3.0.0' ],
15 silly audit   imurmurhash: [ '0.1.4' ],
15 silly audit   'indent-string': [ '4.0.0' ],
15 silly audit   'indexes-of': [ '1.0.1' ],
15 silly audit   'infer-owner': [ '1.0.4' ],
15 silly audit   inflight: [ '1.0.6' ],
15 silly audit   ini: [ '1.3.8' ],
15 silly audit   'internal-ip': [ '4.3.0' ],
15 silly audit   'internal-slot': [ '1.0.7' ],
15 silly audit   ip: [ '1.1.9' ],
15 silly audit   'ip-regex': [ '2.1.0' ],
15 silly audit   'ipaddr.js': [ '1.9.1' ],
15 silly audit   'is-absolute-url': [ '2.1.0', '3.0.3' ],
15 silly audit   'is-accessor-descriptor': [ '1.0.1' ],
15 silly audit   'is-arguments': [ '1.1.1' ],
15 silly audit   'is-array-buffer': [ '3.0.4' ],
15 silly audit   'is-arrayish': [ '0.2.1', '0.3.2' ],
15 silly audit   'is-async-function': [ '2.0.0' ],
15 silly audit   'is-bigint': [ '1.0.4' ],
15 silly audit   'is-binary-path': [ '2.1.0', '1.0.1' ],
15 silly audit   'is-boolean-object': [ '1.1.2' ],
15 silly audit   'is-buffer': [ '1.1.6' ],
15 silly audit   'is-callable': [ '1.2.7' ],
15 silly audit   'is-ci': [ '2.0.0' ],
15 silly audit   'ci-info': [ '2.0.0' ],
15 silly audit   'is-color-stop': [ '1.1.0' ],
15 silly audit   'is-core-module': [ '2.13.1' ],
15 silly audit   'is-data-descriptor': [ '1.0.1' ],
15 silly audit   'is-data-view': [ '1.0.1' ],
15 silly audit   'is-date-object': [ '1.0.5' ],
15 silly audit   'is-directory': [ '0.3.1' ],
15 silly audit   'is-docker': [ '2.2.1' ],
15 silly audit   'is-extglob': [ '2.1.1' ],
15 silly audit   'is-finalizationregistry': [ '1.0.2' ],
15 silly audit   'is-fullwidth-code-point': [ '3.0.0', '2.0.0' ],
15 silly audit   'is-generator-fn': [ '2.1.0' ],
15 silly audit   'is-generator-function': [ '1.0.10' ],
15 silly audit   'is-glob': [ '4.0.3', '3.1.0' ],
15 silly audit   'is-map': [ '2.0.3' ],
15 silly audit   'is-module': [ '1.0.0' ],
15 silly audit   'is-negative-zero': [ '2.0.3' ],
15 silly audit   'is-number-object': [ '1.0.7' ],
15 silly audit   'is-path-cwd': [ '2.2.0' ],
15 silly audit   'is-path-in-cwd': [ '2.1.0' ],
15 silly audit   'is-path-inside': [ '2.1.0' ],
15 silly audit   'is-plain-obj': [ '1.1.0' ],
15 silly audit   'is-plain-object': [ '2.0.4' ],
15 silly audit   'is-potential-custom-element-name': [ '1.0.1' ],
15 silly audit   'is-regex': [ '1.1.4' ],
15 silly audit   'is-regexp': [ '1.0.0' ],
15 silly audit   'is-resolvable': [ '1.1.0' ],
15 silly audit   'is-root': [ '2.1.0' ],
15 silly audit   'is-set': [ '2.0.3' ],
15 silly audit   'is-shared-array-buffer': [ '1.0.3' ],
15 silly audit   'is-string': [ '1.0.7' ],
15 silly audit   'is-symbol': [ '1.0.4' ],
15 silly audit   'is-typed-array': [ '1.1.13' ],
15 silly audit   'is-typedarray': [ '1.0.0' ],
15 silly audit   'is-weakmap': [ '2.0.2' ],
15 silly audit   'is-weakref': [ '1.0.2' ],
15 silly audit   'is-weakset': [ '2.0.3' ],
15 silly audit   'is-windows': [ '1.0.2' ],
15 silly audit   'is-wsl': [ '2.2.0', '1.1.0' ],
15 silly audit   isexe: [ '2.0.0' ],
15 silly audit   isobject: [ '3.0.1', '2.1.0' ],
15 silly audit   'istanbul-lib-coverage': [ '3.2.2' ],
15 silly audit   'istanbul-lib-report': [ '3.0.1' ],
15 silly audit   'make-dir': [ '4.0.0', '2.1.0', '3.1.0' ],
15 silly audit   'istanbul-lib-source-maps': [ '4.0.1' ],
15 silly audit   'istanbul-reports': [ '3.1.7' ],
15 silly audit   'iterator.prototype': [ '1.1.2' ],
15 silly audit   jest: [ '26.6.0' ],
15 silly audit   'jest-changed-files': [ '26.6.2' ],
15 silly audit   'jest-circus': [ '26.6.0' ],
15 silly audit   'pretty-format': [ '26.6.2' ],
15 silly audit   'jest-cli': [ '26.6.3' ],
15 silly audit   'jest-config': [ '26.6.3' ],
15 silly audit   'jest-diff': [ '26.6.2' ],
15 silly audit   'jest-docblock': [ '26.0.0' ],
15 silly audit   'jest-each': [ '26.6.2' ],
15 silly audit   'jest-environment-jsdom': [ '26.6.2' ],
15 silly audit   'jest-environment-node': [ '26.6.2' ],
15 silly audit   'jest-get-type': [ '26.3.0' ],
15 silly audit   'jest-haste-map': [ '26.6.2' ],
15 silly audit   'jest-jasmine2': [ '26.6.3' ],
15 silly audit   'jest-leak-detector': [ '26.6.2' ],
15 silly audit   'jest-matcher-utils': [ '26.6.2' ],
15 silly audit   'jest-message-util': [ '26.6.2' ],
15 silly audit   'jest-mock': [ '26.6.2' ],
15 silly audit   'jest-pnp-resolver': [ '1.2.3' ],
15 silly audit   'jest-regex-util': [ '26.0.0' ],
15 silly audit   'jest-resolve-dependencies': [ '26.6.3' ],
15 silly audit   'jest-runner': [ '26.6.3' ],
15 silly audit   'jest-runtime': [ '26.6.3' ],
15 silly audit   'jest-serializer': [ '26.6.2' ],
15 silly audit   'jest-snapshot': [ '26.6.2' ],
15 silly audit   'jest-util': [ '26.6.2' ],
15 silly audit   'jest-validate': [ '26.6.2' ],
15 silly audit   'jest-watch-typeahead': [ '0.6.1' ],
15 silly audit   'jest-watcher': [ '26.6.2' ],
15 silly audit   'js-tokens': [ '4.0.0' ],
15 silly audit   'js-yaml': [ '3.14.1' ],
15 silly audit   jsdom: [ '16.7.0' ],
15 silly audit   jsesc: [ '2.5.2', '0.5.0' ],
15 silly audit   'json-buffer': [ '3.0.1' ],
15 silly audit   'json-parse-better-errors': [ '1.0.2' ],
15 silly audit   'json-parse-even-better-errors': [ '2.3.1' ],
15 silly audit   'json-schema-traverse': [ '0.4.1', '1.0.0' ],
15 silly audit   'json-stable-stringify-without-jsonify': [ '1.0.1' ],
15 silly audit   jsonfile: [ '6.1.0', '4.0.0' ],
15 silly audit   jsonpath: [ '1.1.1' ],
15 silly audit   'jsx-ast-utils': [ '3.3.5' ],
15 silly audit   keyv: [ '4.5.4' ],
15 silly audit   killable: [ '1.0.1' ],
15 silly audit   kleur: [ '3.0.3' ],
15 silly audit   klona: [ '2.0.6' ],
15 silly audit   'language-subtag-registry': [ '0.3.23' ],
15 silly audit   'language-tags': [ '1.0.9' ],
15 silly audit   'last-call-webpack-plugin': [ '3.0.0' ],
15 silly audit   leven: [ '3.1.0' ],
15 silly audit   levn: [ '0.4.1', '0.3.0' ],
15 silly audit   'lines-and-columns': [ '1.2.4' ],
15 silly audit   'loader-runner': [ '2.4.0' ],
15 silly audit   'locate-path': [ '5.0.0', '3.0.0' ],
15 silly audit   lodash: [ '4.17.21' ],
15 silly audit   'lodash._reinterpolate': [ '3.0.0' ],
15 silly audit   'lodash.debounce': [ '4.0.8' ],
15 silly audit   'lodash.memoize': [ '4.1.2' ],
15 silly audit   'lodash.merge': [ '4.6.2' ],
15 silly audit   'lodash.template': [ '4.5.0' ],
15 silly audit   'lodash.templatesettings': [ '4.2.0' ],
15 silly audit   'lodash.truncate': [ '4.4.2' ],
15 silly audit   'lodash.uniq': [ '4.5.0' ],
15 silly audit   loglevel: [ '1.9.1' ],
15 silly audit   'loose-envify': [ '1.4.0' ],
15 silly audit   'lower-case': [ '2.0.2' ],
15 silly audit   'magic-string': [ '0.25.9' ],
15 silly audit   makeerror: [ '1.0.12' ],
15 silly audit   'map-cache': [ '0.2.2' ],
15 silly audit   'map-visit': [ '1.0.0' ],
15 silly audit   'md5.js': [ '1.3.5' ],
15 silly audit   'media-typer': [ '0.3.0' ],
15 silly audit   'merge-descriptors': [ '1.0.1' ],
15 silly audit   'merge-stream': [ '2.0.0' ],
15 silly audit   merge2: [ '1.4.1' ],
15 silly audit   methods: [ '1.1.2' ],
15 silly audit   'microevent.ts': [ '0.1.1' ],
15 silly audit   'miller-rabin': [ '4.0.1' ],
15 silly audit   mime: [ '1.6.0', '2.6.0' ],
15 silly audit   'mime-db': [ '1.52.0' ],
15 silly audit   'mime-types': [ '2.1.35' ],
15 silly audit   'mimic-fn': [ '2.1.0' ],
15 silly audit   'mini-css-extract-plugin': [ '0.11.3' ],
15 silly audit   'minimalistic-assert': [ '1.0.1' ],
15 silly audit   'minimalistic-crypto-utils': [ '1.0.1' ],
15 silly audit   minimatch: [ '3.1.2', '3.0.4' ],
15 silly audit   minimist: [ '1.2.8' ],
15 silly audit   minipass: [ '3.3.6', '5.0.0' ],
15 silly audit   'minipass-collect': [ '1.0.2' ],
15 silly audit   'minipass-flush': [ '1.0.5' ],
15 silly audit   'minipass-pipeline': [ '1.2.4' ],
15 silly audit   minizlib: [ '2.1.2' ],
15 silly audit   mississippi: [ '3.0.0' ],
15 silly audit   'mixin-deep': [ '1.3.2' ],
15 silly audit   'move-concurrently': [ '1.0.1' ],
15 silly audit   'multicast-dns': [ '6.2.3' ],
15 silly audit   'multicast-dns-service-types': [ '1.1.0' ],
15 silly audit   nan: [ '2.19.0' ],
15 silly audit   nanoid: [ '3.3.7' ],
15 silly audit   nanomatch: [ '1.2.13' ],
15 silly audit   'native-url': [ '0.2.6' ],
15 silly audit   'natural-compare': [ '1.4.0' ],
15 silly audit   negotiator: [ '0.6.3' ],
15 silly audit   'neo-async': [ '2.6.2' ],
15 silly audit   'next-tick': [ '1.1.0' ],
15 silly audit   'nice-try': [ '1.0.5' ],
15 silly audit   'no-case': [ '3.0.4' ],
15 silly audit   'node-forge': [ '0.10.0' ],
15 silly audit   'node-int64': [ '0.4.0' ],
15 silly audit   'node-libs-browser': [ '2.2.1' ],
15 silly audit   punycode: [ '1.4.1', '2.3.1' ],
15 silly audit   'node-notifier': [ '8.0.2' ],
15 silly audit   'node-releases': [ '2.0.14', '1.1.77' ],
15 silly audit   'normalize-package-data': [ '2.5.0' ],
15 silly audit   'normalize-path': [ '3.0.0', '2.1.1' ],
15 silly audit   'normalize-range': [ '0.1.2' ],
15 silly audit   'normalize-url': [ '1.9.1', '3.3.0' ],
15 silly audit   'nth-check': [ '2.1.1', '1.0.2' ],
15 silly audit   num2fraction: [ '1.2.2' ],
15 silly audit   nwsapi: [ '2.2.10' ],
15 silly audit   'object-assign': [ '4.1.1' ],
15 silly audit   'object-copy': [ '0.1.0' ],
15 silly audit   'object-inspect': [ '1.13.1' ],
15 silly audit   'object-is': [ '1.1.6' ],
15 silly audit   'object-keys': [ '1.1.1' ],
15 silly audit   'object-visit': [ '1.0.1' ],
15 silly audit   'object.assign': [ '4.1.5' ],
15 silly audit   'object.entries': [ '1.1.8' ],
15 silly audit   'object.fromentries': [ '2.0.8' ],
15 silly audit   'object.getownpropertydescriptors': [ '2.1.8' ],
15 silly audit   'object.groupby': [ '1.0.3' ],
15 silly audit   'object.hasown': [ '1.1.4' ],
15 silly audit   'object.pick': [ '1.3.0' ],
15 silly audit   'object.values': [ '1.2.0' ],
15 silly audit   obuf: [ '1.1.2' ],
15 silly audit   'on-finished': [ '2.4.1' ],
15 silly audit   'on-headers': [ '1.0.2' ],
15 silly audit   once: [ '1.4.0' ],
15 silly audit   onetime: [ '5.1.2' ],
15 silly audit   open: [ '7.4.2' ],
15 silly audit   opn: [ '5.5.0' ],
15 silly audit   'optimize-css-assets-webpack-plugin': [ '5.0.4' ],
15 silly audit   optionator: [ '0.9.4', '0.8.3' ],
15 silly audit   'os-browserify': [ '0.3.0' ],
15 silly audit   'p-each-series': [ '2.2.0' ],
15 silly audit   'p-finally': [ '1.0.0' ],
15 silly audit   'p-limit': [ '2.3.0', '3.1.0' ],
15 silly audit   'p-locate': [ '4.1.0', '3.0.0' ],
15 silly audit   'p-retry': [ '3.0.1' ],
15 silly audit   'p-try': [ '2.2.0' ],
15 silly audit   pako: [ '1.0.11' ],
15 silly audit   'parallel-transform': [ '1.2.0' ],
15 silly audit   'param-case': [ '3.0.4' ],
15 silly audit   'parent-module': [ '1.0.1' ],
15 silly audit   'parse-asn1': [ '5.1.7' ],
15 silly audit   parse5: [ '6.0.1' ],
15 silly audit   parseurl: [ '1.3.3' ],
15 silly audit   'pascal-case': [ '3.1.2' ],
15 silly audit   pascalcase: [ '0.1.1' ],
15 silly audit   'path-browserify': [ '0.0.1' ],
15 silly audit   'path-dirname': [ '1.0.2' ],
15 silly audit   'path-exists': [ '4.0.0', '3.0.0' ],
15 silly audit   'path-is-absolute': [ '1.0.1' ],
15 silly audit   'path-is-inside': [ '1.0.2' ],
15 silly audit   'path-parse': [ '1.0.7' ],
15 silly audit   'path-to-regexp': [ '0.1.7' ],
15 silly audit   'path-type': [ '4.0.0' ],
15 silly audit   pbkdf2: [ '3.1.2' ],
15 silly audit   'performance-now': [ '2.1.0' ],
15 silly audit   picomatch: [ '2.3.1' ],
15 silly audit   pinkie: [ '2.0.4' ],
15 silly audit   'pinkie-promise': [ '2.0.1' ],
15 silly audit   pirates: [ '4.0.6' ],
15 silly audit   'pkg-up': [ '3.1.0' ],
15 silly audit   'pnp-webpack-plugin': [ '1.6.4' ],
15 silly audit   portfinder: [ '1.0.32' ],
15 silly audit   'posix-character-classes': [ '0.1.1' ],
15 silly audit   'possible-typed-array-names': [ '1.0.0' ],
15 silly audit   postcss: [ '7.0.39', '8.4.38', '7.0.36' ],
15 silly audit   'postcss-attribute-case-insensitive': [ '4.0.2' ],
15 silly audit   'postcss-browser-comments': [ '3.0.0' ],
15 silly audit   'postcss-calc': [ '7.0.5' ],
15 silly audit   'postcss-color-functional-notation': [ '2.0.1' ],
15 silly audit   'postcss-color-gray': [ '5.0.0' ],
15 silly audit   'postcss-color-hex-alpha': [ '5.0.3' ],
15 silly audit   'postcss-color-mod-function': [ '3.0.3' ],
15 silly audit   'postcss-color-rebeccapurple': [ '4.0.1' ],
15 silly audit   'postcss-colormin': [ '4.0.3' ],
15 silly audit   'postcss-value-parser': [ '3.3.1', '4.2.0' ],
15 silly audit   'postcss-convert-values': [ '4.0.1' ],
15 silly audit   'postcss-custom-media': [ '7.0.8' ],
15 silly audit   'postcss-custom-properties': [ '8.0.11' ],
15 silly audit   'postcss-custom-selectors': [ '5.1.2' ],
15 silly audit   'postcss-dir-pseudo-class': [ '5.0.0' ],
15 silly audit   'postcss-discard-comments': [ '4.0.2' ],
15 silly audit   'postcss-discard-duplicates': [ '4.0.2' ],
15 silly audit   'postcss-discard-empty': [ '4.0.1' ],
15 silly audit   'postcss-discard-overridden': [ '4.0.1' ],
15 silly audit   'postcss-double-position-gradients': [ '1.0.0' ],
15 silly audit   'postcss-env-function': [ '2.0.2' ],
15 silly audit   'postcss-flexbugs-fixes': [ '4.2.1' ],
15 silly audit   'postcss-focus-visible': [ '4.0.0' ],
15 silly audit   'postcss-focus-within': [ '3.0.0' ],
15 silly audit   'postcss-font-variant': [ '4.0.1' ],
15 silly audit   'postcss-gap-properties': [ '2.0.0' ],
15 silly audit   'postcss-image-set-function': [ '3.0.1' ],
15 silly audit   'postcss-initial': [ '3.0.4' ],
15 silly audit   'postcss-lab-function': [ '2.0.1' ],
15 silly audit   'postcss-load-config': [ '2.1.2' ],
15 silly audit   'postcss-loader': [ '3.0.0' ],
15 silly audit   'postcss-logical': [ '3.0.0' ],
15 silly audit   'postcss-media-minmax': [ '4.0.0' ],
15 silly audit   'postcss-merge-longhand': [ '4.0.11' ],
15 silly audit   'postcss-merge-rules': [ '4.0.3' ],
15 silly audit   'postcss-minify-font-values': [ '4.0.2' ],
15 silly audit   'postcss-minify-gradients': [ '4.0.2' ],
15 silly audit   'postcss-minify-params': [ '4.0.2' ],
15 silly audit   'postcss-minify-selectors': [ '4.0.2' ],
15 silly audit   'postcss-modules-extract-imports': [ '2.0.0' ],
15 silly audit   'postcss-modules-local-by-default': [ '3.0.3' ],
15 silly audit   'postcss-modules-scope': [ '2.2.0' ],
15 silly audit   'postcss-modules-values': [ '3.0.0' ],
15 silly audit   'postcss-nesting': [ '7.0.1' ],
15 silly audit   'postcss-normalize': [ '8.0.1' ],
15 silly audit   'postcss-normalize-charset': [ '4.0.1' ],
15 silly audit   'postcss-normalize-display-values': [ '4.0.2' ],
15 silly audit   'postcss-normalize-positions': [ '4.0.2' ],
15 silly audit   'postcss-normalize-repeat-style': [ '4.0.2' ],
15 silly audit   'postcss-normalize-string': [ '4.0.2' ],
15 silly audit   'postcss-normalize-timing-functions': [ '4.0.2' ],
15 silly audit   'postcss-normalize-unicode': [ '4.0.1' ],
15 silly audit   'postcss-normalize-url': [ '4.0.1' ],
15 silly audit   'postcss-normalize-whitespace': [ '4.0.2' ],
15 silly audit   'postcss-ordered-values': [ '4.1.2' ],
15 silly audit   'postcss-overflow-shorthand': [ '2.0.0' ],
15 silly audit   'postcss-page-break': [ '2.0.0' ],
15 silly audit   'postcss-place': [ '4.0.1' ],
15 silly audit   'postcss-preset-env': [ '6.7.0' ],
15 silly audit   'postcss-pseudo-class-any-link': [ '6.0.0' ],
15 silly audit   'postcss-reduce-initial': [ '4.0.3' ],
15 silly audit   'postcss-reduce-transforms': [ '4.0.2' ],
15 silly audit   'postcss-replace-overflow-wrap': [ '3.0.0' ],
15 silly audit   'postcss-safe-parser': [ '5.0.2' ],
15 silly audit   'postcss-selector-matches': [ '4.0.0' ],
15 silly audit   'postcss-selector-not': [ '4.0.1' ],
15 silly audit   'postcss-svgo': [ '4.0.3' ],
15 silly audit   'postcss-unique-selectors': [ '4.0.1' ],
15 silly audit   'postcss-values-parser': [ '2.0.1' ],
15 silly audit   'prelude-ls': [ '1.2.1', '1.1.2' ],
15 silly audit   'prepend-http': [ '1.0.4' ],
15 silly audit   'pretty-bytes': [ '5.6.0' ],
15 silly audit   'pretty-error': [ '2.1.2' ],
15 silly audit   process: [ '0.11.10' ],
15 silly audit   'process-nextick-args': [ '2.0.1' ],
15 silly audit   progress: [ '2.0.3' ],
15 silly audit   promise: [ '8.3.0' ],
15 silly audit   'promise-inflight': [ '1.0.1' ],
15 silly audit   prompts: [ '2.4.0' ],
15 silly audit   'prop-types': [ '15.8.1' ],
15 silly audit   'react-is': [ '16.13.1', '17.0.2' ],
15 silly audit   'proxy-addr': [ '2.0.7' ],
15 silly audit   prr: [ '1.0.1' ],
15 silly audit   psl: [ '1.9.0' ],
15 silly audit   'public-encrypt': [ '4.0.3' ],
15 silly audit   pump: [ '3.0.0', '2.0.1' ],
15 silly audit   pumpify: [ '1.5.1' ],
15 silly audit   q: [ '1.5.1' ],
15 silly audit   'query-string': [ '4.3.4' ],
15 silly audit   querystring: [ '0.2.1' ],
15 silly audit   'querystring-es3': [ '0.2.1' ],
15 silly audit   querystringify: [ '2.2.0' ],
15 silly audit   'queue-microtask': [ '1.2.3' ],
15 silly audit   raf: [ '3.4.1' ],
15 silly audit   randombytes: [ '2.1.0' ],
15 silly audit   randomfill: [ '1.0.4' ],
15 silly audit   'range-parser': [ '1.2.1' ],
15 silly audit   'raw-body': [ '2.5.2' ],
15 silly audit   react: [ '17.0.2' ],
15 silly audit   'react-app-polyfill': [ '2.0.0' ],
15 silly audit   'react-dev-utils': [ '11.0.4' ],
15 silly audit   'strip-ansi': [ '6.0.0', '3.0.1', '6.0.1', '5.2.0' ],
15 silly audit   'react-dom': [ '17.0.2' ],
15 silly audit   'react-error-overlay': [ '6.0.11' ],
15 silly audit   'react-refresh': [ '0.8.3' ],
15 silly audit   'react-router': [ '6.23.1' ],
15 silly audit   'react-router-dom': [ '6.23.1' ],
15 silly audit   'react-scripts': [ '4.0.3' ],
15 silly audit   'read-pkg': [ '5.2.0' ],
15 silly audit   'read-pkg-up': [ '7.0.1' ],
15 silly audit   'readable-stream': [ '2.3.8', '3.6.2' ],
15 silly audit   string_decoder: [ '1.1.1', '1.3.0' ],
15 silly audit   readdirp: [ '3.6.0', '2.2.1' ],
15 silly audit   'recursive-readdir': [ '2.2.2' ],
15 silly audit   'reflect.getprototypeof': [ '1.0.6' ],
15 silly audit   regenerate: [ '1.4.2' ],
15 silly audit   'regenerate-unicode-properties': [ '10.1.1' ],
15 silly audit   'regenerator-transform': [ '0.15.2' ],
15 silly audit   'regex-not': [ '1.0.2' ],
15 silly audit   'regex-parser': [ '2.3.0' ],
15 silly audit   'regexp.prototype.flags': [ '1.5.2' ],
15 silly audit   regexpp: [ '3.2.0' ],
15 silly audit   'regexpu-core': [ '5.3.2' ],
15 silly audit   regjsparser: [ '0.9.1' ],
15 silly audit   relateurl: [ '0.2.7' ],
15 silly audit   'remove-trailing-separator': [ '1.1.0' ],
15 silly audit   renderkid: [ '2.0.7' ],
15 silly audit   'repeat-element': [ '1.1.4' ],
15 silly audit   'repeat-string': [ '1.6.1' ],
15 silly audit   'require-directory': [ '2.1.1' ],
15 silly audit   'require-from-string': [ '2.0.2' ],
15 silly audit   'require-main-filename': [ '2.0.0' ],
15 silly audit   'requires-port': [ '1.0.0' ],
15 silly audit   'resolve-cwd': [ '3.0.0', '2.0.0' ],
15 silly audit   'resolve-url': [ '0.2.1' ],
15 silly audit   'resolve-url-loader': [ '3.1.5' ],
15 silly audit   ret: [ '0.1.15' ],
15 silly audit   retry: [ '0.12.0' ],
15 silly audit   reusify: [ '1.0.4' ],
15 silly audit   rework: [ '1.0.1' ],
15 silly audit   'rework-visit': [ '1.0.0' ],
15 silly audit   'rgb-regex': [ '1.0.1' ],
15 silly audit   'rgba-regex': [ '1.0.0' ],
15 silly audit   ripemd160: [ '2.0.2' ],
15 silly audit   rollup: [ '1.32.1' ],
15 silly audit   'rollup-plugin-babel': [ '4.4.0' ],
15 silly audit   'rollup-plugin-terser': [ '5.3.1' ],
15 silly audit   'serialize-javascript': [ '4.0.0', '5.0.1' ],
15 silly audit   'rollup-pluginutils': [ '2.8.2' ],
15 silly audit   rsvp: [ '4.8.5' ],
15 silly audit   'run-parallel': [ '1.2.0' ],
15 silly audit   'run-queue': [ '1.0.3' ],
15 silly audit   'safe-array-concat': [ '1.1.2' ],
15 silly audit   'safe-regex': [ '1.1.0' ],
15 silly audit   'safe-regex-test': [ '1.0.3' ],
15 silly audit   'safer-buffer': [ '2.1.2' ],
15 silly audit   sane: [ '4.1.0' ],
15 silly audit   'sanitize.css': [ '10.0.0' ],
15 silly audit   'sass-loader': [ '10.5.2' ],
15 silly audit   sax: [ '1.2.4' ],
15 silly audit   saxes: [ '5.0.1' ],
15 silly audit   scheduler: [ '0.20.2' ],
15 silly audit   'select-hose': [ '2.0.0' ],
15 silly audit   selfsigned: [ '1.10.14' ],
15 silly audit   send: [ '0.18.0' ],
15 silly audit   'serve-index': [ '1.9.1' ],
15 silly audit   setprototypeof: [ '1.1.0', '1.2.0' ],
15 silly audit   statuses: [ '1.5.0', '2.0.1' ],
15 silly audit   'serve-static': [ '1.15.0' ],
15 silly audit   'set-blocking': [ '2.0.0' ],
15 silly audit   'set-function-length': [ '1.2.2' ],
15 silly audit   'set-function-name': [ '2.0.2' ],
15 silly audit   'set-value': [ '2.0.1' ],
15 silly audit   setimmediate: [ '1.0.5' ],
15 silly audit   'sha.js': [ '2.4.11' ],
15 silly audit   'shell-quote': [ '1.7.2' ],
15 silly audit   shellwords: [ '0.1.1' ],
15 silly audit   'side-channel': [ '1.0.6' ],
15 silly audit   'signal-exit': [ '3.0.7' ],
15 silly audit   'simple-swizzle': [ '0.2.2' ],
15 silly audit   sisteransi: [ '1.0.5' ],
15 silly audit   slash: [ '3.0.0' ],
15 silly audit   'slice-ansi': [ '4.0.0' ],
15 silly audit   snapdragon: [ '0.8.2' ],
15 silly audit   'snapdragon-node': [ '2.1.1' ],
15 silly audit   'snapdragon-util': [ '3.0.1' ],
15 silly audit   sockjs: [ '0.3.24' ],
15 silly audit   'sockjs-client': [ '1.6.1' ],
15 silly audit   'sort-keys': [ '1.1.2' ],
15 silly audit   'source-list-map': [ '2.0.1' ],
15 silly audit   'source-map-js': [ '1.2.0' ],
15 silly audit   'source-map-resolve': [ '0.5.3' ],
15 silly audit   'source-map-support': [ '0.5.21' ],
15 silly audit   'source-map-url': [ '0.4.1' ],
15 silly audit   'sourcemap-codec': [ '1.4.8' ],
15 silly audit   'spdx-correct': [ '3.2.0' ],
15 silly audit   'spdx-exceptions': [ '2.5.0' ],
15 silly audit   'spdx-expression-parse': [ '3.0.1' ],
15 silly audit   'spdx-license-ids': [ '3.0.18' ],
15 silly audit   spdy: [ '4.0.2' ],
15 silly audit   'spdy-transport': [ '3.0.0' ],
15 silly audit   'split-string': [ '3.1.0' ],
15 silly audit   'sprintf-js': [ '1.0.3' ],
15 silly audit   ssri: [ '8.0.1', '6.0.2' ],
15 silly audit   stable: [ '0.1.8' ],
15 silly audit   'stack-utils': [ '2.0.6' ],
15 silly audit   stackframe: [ '1.3.4' ],
15 silly audit   'static-eval': [ '2.0.2' ],
15 silly audit   'type-check': [ '0.3.2', '0.4.0' ],
15 silly audit   'static-extend': [ '0.1.2' ],
15 silly audit   'stream-browserify': [ '2.0.2' ],
15 silly audit   'stream-each': [ '1.2.3' ],
15 silly audit   'stream-http': [ '2.8.3' ],
15 silly audit   'stream-shift': [ '1.0.3' ],
15 silly audit   'strict-uri-encode': [ '1.1.0' ],
15 silly audit   'string-length': [ '4.0.2' ],
15 silly audit   'string-natural-compare': [ '3.0.1' ],
15 silly audit   'string-width': [ '4.2.3', '3.1.0' ],
15 silly audit   'string.prototype.matchall': [ '4.0.11' ],
15 silly audit   'string.prototype.trim': [ '1.2.9' ],
15 silly audit   'string.prototype.trimend': [ '1.0.8' ],
15 silly audit   'string.prototype.trimstart': [ '1.0.8' ],
15 silly audit   'stringify-object': [ '3.3.0' ],
15 silly audit   'strip-bom': [ '4.0.0', '3.0.0' ],
15 silly audit   'strip-comments': [ '1.0.2' ],
15 silly audit   'strip-eof': [ '1.0.0' ],
15 silly audit   'strip-final-newline': [ '2.0.0' ],
15 silly audit   'strip-json-comments': [ '3.1.1' ],
15 silly audit   'style-loader': [ '1.3.0' ],
15 silly audit   stylehacks: [ '4.0.3' ],
15 silly audit   'supports-hyperlinks': [ '2.3.0' ],
15 silly audit   'supports-preserve-symlinks-flag': [ '1.0.0' ],
15 silly audit   'svg-parser': [ '2.0.4' ],
15 silly audit   svgo: [ '1.3.2' ],
15 silly audit   'symbol-tree': [ '3.2.4' ],
15 silly audit   table: [ '6.8.2' ],
15 silly audit   tapable: [ '1.1.3' ],
15 silly audit   tar: [ '6.2.1' ],
15 silly audit   'temp-dir': [ '1.0.0' ],
15 silly audit   tempy: [ '0.3.0' ],
15 silly audit   'terminal-link': [ '2.1.1' ],
15 silly audit   terser: [ '4.8.1', '5.31.0' ],
15 silly audit   'terser-webpack-plugin': [ '4.2.3', '1.4.5' ],
15 silly audit   'test-exclude': [ '6.0.0' ],
15 silly audit   'text-table': [ '0.2.0' ],
15 silly audit   throat: [ '5.0.0' ],
15 silly audit   through2: [ '2.0.5' ],
15 silly audit   thunky: [ '1.1.0' ],
15 silly audit   'timers-browserify': [ '2.0.12' ],
15 silly audit   timsort: [ '0.3.0' ],
15 silly audit   tmpl: [ '1.0.5' ],
15 silly audit   'to-arraybuffer': [ '1.0.1' ],
15 silly audit   'to-fast-properties': [ '2.0.0' ],
15 silly audit   'to-object-path': [ '0.3.0' ],
15 silly audit   'to-regex': [ '3.0.2' ],
15 silly audit   toidentifier: [ '1.0.1' ],
15 silly audit   'tough-cookie': [ '4.1.4' ],
15 silly audit   universalify: [ '0.2.0', '2.0.1', '0.1.2' ],
15 silly audit   tr46: [ '2.1.0' ],
15 silly audit   tryer: [ '1.0.1' ],
15 silly audit   'ts-pnp': [ '1.2.0' ],
15 silly audit   'tsconfig-paths': [ '3.15.0' ],
15 silly audit   tslib: [ '2.6.2', '1.14.1' ],
15 silly audit   tsutils: [ '3.21.0' ],
15 silly audit   'tty-browserify': [ '0.0.0' ],
15 silly audit   type: [ '2.7.2' ],
15 silly audit   'type-detect': [ '4.0.8' ],
15 silly audit   'type-is': [ '1.6.18' ],
15 silly audit   'typed-array-buffer': [ '1.0.2' ],
15 silly audit   'typed-array-byte-length': [ '1.0.1' ],
15 silly audit   'typed-array-byte-offset': [ '1.0.2' ],
15 silly audit   'typed-array-length': [ '1.0.6' ],
15 silly audit   typedarray: [ '0.0.6' ],
15 silly audit   'typedarray-to-buffer': [ '3.1.5' ],
15 silly audit   typescript: [ '4.9.5' ],
15 silly audit   'unbox-primitive': [ '1.0.2' ],
15 silly audit   underscore: [ '1.12.1' ],
15 silly audit   'undici-types': [ '5.26.5' ],
15 silly audit   'unicode-canonical-property-names-ecmascript': [ '2.0.0' ],
15 silly audit   'unicode-match-property-ecmascript': [ '2.0.0' ],
15 silly audit   'unicode-match-property-value-ecmascript': [ '2.1.0' ],
15 silly audit   'unicode-property-aliases-ecmascript': [ '2.1.0' ],
15 silly audit   'union-value': [ '1.0.1' ],
15 silly audit   uniq: [ '1.0.1' ],
15 silly audit   uniqs: [ '2.0.0' ],
15 silly audit   'unique-filename': [ '1.1.1' ],
15 silly audit   'unique-slug': [ '2.0.2' ],
15 silly audit   'unique-string': [ '1.0.0' ],
15 silly audit   unpipe: [ '1.0.0' ],
15 silly audit   unquote: [ '1.1.1' ],
15 silly audit   'unset-value': [ '1.0.0' ],
15 silly audit   upath: [ '1.2.0' ],
15 silly audit   'update-browserslist-db': [ '1.0.16' ],
15 silly audit   'uri-js': [ '4.4.1' ],
15 silly audit   urix: [ '0.1.0' ],
15 silly audit   url: [ '0.11.3' ],
15 silly audit   'url-loader': [ '4.1.1' ],
15 silly audit   'url-parse': [ '1.5.10' ],
15 silly audit   use: [ '3.1.1' ],
15 silly audit   'util-deprecate': [ '1.0.2' ],
15 silly audit   utila: [ '0.4.0' ],
15 silly audit   'utils-merge': [ '1.0.1' ],
15 silly audit   uuid: [ '8.3.2', '3.4.0' ],
15 silly audit   'v8-compile-cache': [ '2.4.0' ],
15 silly audit   'v8-to-istanbul': [ '7.1.2' ],
15 silly audit   'validate-npm-package-license': [ '3.0.4' ],
15 silly audit   vary: [ '1.1.2' ],
15 silly audit   vendors: [ '1.0.4' ],
15 silly audit   'vm-browserify': [ '1.1.2' ],
15 silly audit   'w3c-hr-time': [ '1.0.2' ],
15 silly audit   'w3c-xmlserializer': [ '2.0.0' ],
15 silly audit   walker: [ '1.0.8' ],
15 silly audit   watchpack: [ '1.7.5' ],
15 silly audit   'watchpack-chokidar2': [ '2.0.1' ],
15 silly audit   wbuf: [ '1.7.3' ],
15 silly audit   webpack: [ '4.44.2' ],
15 silly audit   'webpack-dev-middleware': [ '3.7.3' ],
15 silly audit   'webpack-dev-server': [ '3.11.1' ],
15 silly audit   'wrap-ansi': [ '5.1.0', '6.2.0' ],
15 silly audit   ws: [ '6.2.2', '7.5.9' ],
15 silly audit   yargs: [ '13.3.2', '15.4.1' ],
15 silly audit   'yargs-parser': [ '13.1.2', '18.1.3' ],
15 silly audit   'webpack-log': [ '2.0.0' ],
15 silly audit   'webpack-manifest-plugin': [ '2.2.0' ],
15 silly audit   'webpack-sources': [ '1.4.3' ],
15 silly audit   'websocket-driver': [ '0.7.4' ],
15 silly audit   'websocket-extensions': [ '0.1.4' ],
15 silly audit   'whatwg-encoding': [ '1.0.5' ],
15 silly audit   'whatwg-fetch': [ '3.6.20' ],
15 silly audit   'whatwg-mimetype': [ '2.3.0' ],
15 silly audit   'whatwg-url': [ '8.7.0' ],
15 silly audit   'which-boxed-primitive': [ '1.0.2' ],
15 silly audit   'which-builtin-type': [ '1.1.3' ],
15 silly audit   'which-collection': [ '1.0.2' ],
15 silly audit   'which-module': [ '2.0.1' ],
15 silly audit   'which-typed-array': [ '1.1.15' ],
15 silly audit   'word-wrap': [ '1.2.5' ],
15 silly audit   'workbox-background-sync': [ '5.1.4' ],
15 silly audit   'workbox-broadcast-update': [ '5.1.4' ],
15 silly audit   'workbox-build': [ '5.1.4' ],
15 silly audit   'workbox-cacheable-response': [ '5.1.4' ],
15 silly audit   'workbox-core': [ '5.1.4' ],
15 silly audit   'workbox-expiration': [ '5.1.4' ],
15 silly audit   'workbox-google-analytics': [ '5.1.4' ],
15 silly audit   'workbox-navigation-preload': [ '5.1.4' ],
15 silly audit   'workbox-precaching': [ '5.1.4' ],
15 silly audit   'workbox-range-requests': [ '5.1.4' ],
15 silly audit   'workbox-routing': [ '5.1.4' ],
15 silly audit   'workbox-strategies': [ '5.1.4' ],
15 silly audit   'workbox-streams': [ '5.1.4' ],
15 silly audit   'workbox-sw': [ '5.1.4' ],
15 silly audit   'workbox-webpack-plugin': [ '5.1.4' ],
15 silly audit   'workbox-window': [ '5.1.4' ],
15 silly audit   'worker-farm': [ '1.7.0' ],
15 silly audit   'worker-rpc': [ '0.1.1' ],
15 silly audit   wrappy: [ '1.0.2' ],
15 silly audit   'write-file-atomic': [ '3.0.3' ],
15 silly audit   'xml-name-validator': [ '3.0.0' ],
15 silly audit   xmlchars: [ '2.2.0' ],
15 silly audit   xtend: [ '4.0.2' ],
15 silly audit   y18n: [ '4.0.3' ],
15 silly audit   yaml: [ '1.10.2' ],
15 silly audit   'yocto-queue': [ '0.1.0' ]
15 silly audit }
16 verbose reify failed optional dependency C:\Users\malno\it-405p\node_modules\fsevents
17 silly reify mark deleted [ 'C:\\Users\\malno\\it-405p\\node_modules\\fsevents' ]
18 verbose reify failed optional dependency C:\Users\malno\it-405p\node_modules\webpack-dev-server\node_modules\fsevents
19 silly reify mark deleted [
19 silly reify   'C:\\Users\\malno\\it-405p\\node_modules\\webpack-dev-server\\node_modules\\fsevents'
19 silly reify ]
20 verbose reify failed optional dependency C:\Users\malno\it-405p\node_modules\watchpack-chokidar2\node_modules\fsevents
21 silly reify mark deleted [
21 silly reify   'C:\\Users\\malno\\it-405p\\node_modules\\watchpack-chokidar2\\node_modules\\fsevents'
21 silly reify ]
22 http fetch POST 200 https://registry.npmjs.org/-/npm/v1/security/advisories/bulk 2646ms
23 silly audit report {
23 silly audit report   semver: [
23 silly audit report     {
23 silly audit report       id: 1096482,
23 silly audit report       url: 'https://github.com/advisories/GHSA-c2qf-rxjj-qqgw',
23 silly audit report       title: 'semver vulnerable to Regular Expression Denial of Service',
23 silly audit report       severity: 'moderate',
23 silly audit report       vulnerable_versions: '>=7.0.0 <7.5.2',
23 silly audit report       cwe: [Array],
23 silly audit report       cvss: [Object]
23 silly audit report     }
23 silly audit report   ],
23 silly audit report   'ansi-html': [
23 silly audit report     {
23 silly audit report       id: 1095003,
23 silly audit report       url: 'https://github.com/advisories/GHSA-whgm-jr23-g3j9',
23 silly audit report       title: 'Uncontrolled Resource Consumption in ansi-html',
23 silly audit report       severity: 'high',
23 silly audit report       vulnerable_versions: '<0.0.8',
23 silly audit report       cwe: [Array],
23 silly audit report       cvss: [Object]
23 silly audit report     }
23 silly audit report   ],
23 silly audit report   'loader-utils': [
23 silly audit report     {
23 silly audit report       id: 1094089,
23 silly audit report       url: 'https://github.com/advisories/GHSA-76p3-8jx3-jpfq',
23 silly audit report       title: 'Prototype pollution in webpack loader-utils',
23 silly audit report       severity: 'critical',
23 silly audit report       vulnerable_versions: '>=2.0.0 <2.0.3',
23 silly audit report       cwe: [Array],
23 silly audit report       cvss: [Object]
23 silly audit report     },
23 silly audit report     {
23 silly audit report       id: 1095054,
23 silly audit report       url: 'https://github.com/advisories/GHSA-3rfm-jhwj-7488',
23 silly audit report       title: 'loader-utils is vulnerable to Regular Expression Denial of Service (ReDoS) via url variable',
23 silly audit report       severity: 'high',
23 silly audit report       vulnerable_versions: '>=2.0.0 <2.0.4',
23 silly audit report       cwe: [Array],
23 silly audit report       cvss: [Object]
23 silly audit report     },
23 silly audit report     {
23 silly audit report       id: 1097142,
23 silly audit report       url: 'https://github.com/advisories/GHSA-hhq3-ff78-jv3g',
23 silly audit report       title: 'loader-utils is vulnerable to Regular Expression Denial of Service (ReDoS)',
23 silly audit report       severity: 'high',
23 silly audit report       vulnerable_versions: '>=2.0.0 <2.0.4',
23 silly audit report       cwe: [Array],
23 silly audit report       cvss: [Object]
23 silly audit report     }
23 silly audit report   ],
23 silly audit report   browserslist: [
23 silly audit report     {
23 silly audit report       id: 1093035,
23 silly audit report       url: 'https://github.com/advisories/GHSA-w8qv-6jwh-64r5',
23 silly audit report       title: 'Regular Expression Denial of Service in browserslist',
23 silly audit report       severity: 'moderate',
23 silly audit report       vulnerable_versions: '>=4.0.0 <4.16.5',
23 silly audit report       cwe: [Array],
23 silly audit report       cvss: [Object]
23 silly audit report     }
23 silly audit report   ],
23 silly audit report   ejs: [
23 silly audit report     {
23 silly audit report       id: 1097210,
23 silly audit report       url: 'https://github.com/advisories/GHSA-ghr5-ch3p-vcr6',
23 silly audit report       title: 'ejs lacks certain pollution protection',
23 silly audit report       severity: 'moderate',
23 silly audit report       vulnerable_versions: '<3.1.10',
23 silly audit report       cwe: [Array],
23 silly audit report       cvss: [Object]
23 silly audit report     },
23 silly audit report     {
23 silly audit report       id: 1089270,
23 silly audit report       url: 'https://github.com/advisories/GHSA-phwq-j96m-2c2q',
23 silly audit report       title: 'ejs template injection vulnerability',
23 silly audit report       severity: 'critical',
23 silly audit report       vulnerable_versions: '<3.1.7',
23 silly audit report       cwe: [Array],
23 silly audit report       cvss: [Object]
23 silly audit report     }
23 silly audit report   ],
23 silly audit report   'glob-parent': [
23 silly audit report     {
23 silly audit report       id: 1095007,
23 silly audit report       url: 'https://github.com/advisories/GHSA-ww39-953v-wcq6',
23 silly audit report       title: 'glob-parent vulnerable to Regular Expression Denial of Service in enclosure regex',
23 silly audit report       severity: 'high',
23 silly audit report       vulnerable_versions: '<5.1.2',
23 silly audit report       cwe: [Array],
23 silly audit report       cvss: [Object]
23 silly audit report     }
23 silly audit report   ],
23 silly audit report   immer: [
23 silly audit report     {
23 silly audit report       id: 1097196,
23 silly audit report       url: 'https://github.com/advisories/GHSA-c36v-fmgq-m8hx',
23 silly audit report       title: 'Prototype Pollution in immer',
23 silly audit report       severity: 'high',
23 silly audit report       vulnerable_versions: '>=7.0.0 <9.0.6',
23 silly audit report       cwe: [Array],
23 silly audit report       cvss: [Object]
23 silly audit report     },
23 silly audit report     {
23 silly audit report       id: 1097209,
23 silly audit report       url: 'https://github.com/advisories/GHSA-33f9-j839-rf8h',
23 silly audit report       title: 'Prototype Pollution in immer',
23 silly audit report       severity: 'critical',
23 silly audit report       vulnerable_versions: '>=7.0.0 <9.0.6',
23 silly audit report       cwe: [Array],
23 silly audit report       cvss: [Object]
23 silly audit report     }
23 silly audit report   ],
23 silly audit report   'lodash.template': [
23 silly audit report     {
23 silly audit report       id: 1096993,
23 silly audit report       url: 'https://github.com/advisories/GHSA-35jh-r3h4-6jhm',
23 silly audit report       title: 'Command Injection in lodash',
23 silly audit report       severity: 'high',
23 silly audit report       vulnerable_versions: '<=4.5.0',
23 silly audit report       cwe: [Array],
23 silly audit report       cvss: [Object]
23 silly audit report     }
23 silly audit report   ],
23 silly audit report   minimatch: [
23 silly audit report     {
23 silly audit report       id: 1096485,
23 silly audit report       url: 'https://github.com/advisories/GHSA-f8q6-p94x-37v3',
23 silly audit report       title: 'minimatch ReDoS vulnerability',
23 silly audit report       severity: 'high',
23 silly audit report       vulnerable_versions: '<3.0.5',
23 silly audit report       cwe: [Array],
23 silly audit report       cvss: [Object]
23 silly audit report     }
23 silly audit report   ],
23 silly audit report   'node-forge': [
23 silly audit report     {
23 silly audit report       id: 1088227,
23 silly audit report       url: 'https://github.com/advisories/GHSA-5rrq-pxf6-6jx5',
23 silly audit report       title: 'Prototype Pollution in node-forge debug API.',
23 silly audit report       severity: 'low',
23 silly audit report       vulnerable_versions: '<1.0.0',
23 silly audit report       cwe: [Array],
23 silly audit report       cvss: [Object]
23 silly audit report     },
23 silly audit report     {
23 silly audit report       id: 1088229,
23 silly audit report       url: 'https://github.com/advisories/GHSA-gf8q-jrpm-jvxq',
23 silly audit report       title: 'URL parsing in node-forge could lead to undesired behavior.',
23 silly audit report       severity: 'low',
23 silly audit report       vulnerable_versions: '<1.0.0',
23 silly audit report       cwe: [Array],
23 silly audit report       cvss: [Object]
23 silly audit report     },
23 silly audit report     {
23 silly audit report       id: 1093719,
23 silly audit report       url: 'https://github.com/advisories/GHSA-8fr3-hfg3-gpgp',
23 silly audit report       title: 'Open Redirect in node-forge',
23 silly audit report       severity: 'moderate',
23 silly audit report       vulnerable_versions: '<1.0.0',
23 silly audit report       cwe: [Array],
23 silly audit report       cvss: [Object]
23 silly audit report     },
23 silly audit report     {
23 silly audit report       id: 1088746,
23 silly audit report       url: 'https://github.com/advisories/GHSA-2r2c-g63r-vccr',
23 silly audit report       title: 'Improper Verification of Cryptographic Signature in `node-forge`',
23 silly audit report       severity: 'moderate',
23 silly audit report       vulnerable_versions: '<1.3.0',
23 silly audit report       cwe: [Array],
23 silly audit report       cvss: [Object]
23 silly audit report     },
23 silly audit report     {
23 silly audit report       id: 1095012,
23 silly audit report       url: 'https://github.com/advisories/GHSA-cfm4-qjh2-4765',
23 silly audit report       title: 'Improper Verification of Cryptographic Signature in node-forge',
23 silly audit report       severity: 'high',
23 silly audit report       vulnerable_versions: '<1.3.0',
23 silly audit report       cwe: [Array],
23 silly audit report       cvss: [Object]
23 silly audit report     },
23 silly audit report     {
23 silly audit report       id: 1095013,
23 silly audit report       url: 'https://github.com/advisories/GHSA-x4jg-mjrx-434g',
23 silly audit report       title: 'Improper Verification of Cryptographic Signature in node-forge',
23 silly audit report       severity: 'high',
23 silly audit report       vulnerable_versions: '<1.3.0',
23 silly audit report       cwe: [Array],
23 silly audit report       cvss: [Object]
23 silly audit report     }
23 silly audit report   ],
23 silly audit report   'nth-check': [
23 silly audit report     {
23 silly audit report       id: 1095141,
23 silly audit report       url: 'https://github.com/advisories/GHSA-rp65-9cf3-cjxr',
23 silly audit report       title: 'Inefficient Regular Expression Complexity in nth-check',
23 silly audit report       severity: 'high',
23 silly audit report       vulnerable_versions: '<2.0.1',
23 silly audit report       cwe: [Array],
23 silly audit report       cvss: [Object]
23 silly audit report     }
23 silly audit report   ],
23 silly audit report   postcss: [
23 silly audit report     {
23 silly audit report       id: 1094544,
23 silly audit report       url: 'https://github.com/advisories/GHSA-7fh5-64p2-3v2j',
23 silly audit report       title: 'PostCSS line return parsing error',
23 silly audit report       severity: 'moderate',
23 silly audit report       vulnerable_versions: '<8.4.31',
23 silly audit report       cwe: [Array],
23 silly audit report       cvss: [Object]
23 silly audit report     }
23 silly audit report   ],
23 silly audit report   'shell-quote': [
23 silly audit report     {
23 silly audit report       id: 1096375,
23 silly audit report       url: 'https://github.com/advisories/GHSA-g4rg-993r-mgx7',
23 silly audit report       title: 'Improper Neutralization of Special Elements used in a Command in Shell-quote',
23 silly audit report       severity: 'critical',
23 silly audit report       vulnerable_versions: '<=1.7.2',
23 silly audit report       cwe: [Array],
23 silly audit report       cvss: [Object]
23 silly audit report     }
23 silly audit report   ],
23 silly audit report   'webpack-dev-middleware': [
23 silly audit report     {
23 silly audit report       id: 1096729,
23 silly audit report       url: 'https://github.com/advisories/GHSA-wr3j-pwj9-hqq6',
23 silly audit report       title: 'Path traversal in webpack-dev-middleware',
23 silly audit report       severity: 'high',
23 silly audit report       vulnerable_versions: '<=5.3.3',
23 silly audit report       cwe: [Array],
23 silly audit report       cvss: [Object]
23 silly audit report     }
23 silly audit report   ]
23 silly audit report }
24 http fetch GET 200 https://registry.npmjs.org/browserslist 45ms (cache hit)
25 http fetch GET 200 https://registry.npmjs.org/semver 51ms (cache hit)
26 http fetch GET 200 https://registry.npmjs.org/ansi-html 51ms (cache hit)
27 http fetch GET 200 https://registry.npmjs.org/ejs 51ms (cache hit)
28 http fetch GET 200 https://registry.npmjs.org/loader-utils 53ms (cache hit)
29 http fetch GET 200 https://registry.npmjs.org/glob-parent 52ms (cache hit)
30 http fetch GET 200 https://registry.npmjs.org/lodash.template 51ms (cache hit)
31 http fetch GET 200 https://registry.npmjs.org/immer 53ms (cache hit)
32 http fetch GET 200 https://registry.npmjs.org/postcss 56ms (cache hit)
33 http fetch GET 200 https://registry.npmjs.org/nth-check 60ms (cache hit)
34 http fetch GET 200 https://registry.npmjs.org/node-forge 60ms (cache hit)
35 http fetch GET 200 https://registry.npmjs.org/minimatch 64ms (cache hit)
36 http fetch GET 200 https://registry.npmjs.org/shell-quote 63ms (cache hit)
37 http fetch GET 200 https://registry.npmjs.org/webpack-dev-middleware 66ms (cache hit)
38 http fetch GET 200 https://registry.npmjs.org/css-loader 14ms (cache hit)
39 http fetch GET 200 https://registry.npmjs.org/jest-snapshot 19ms (cache hit)
40 http fetch GET 200 https://registry.npmjs.org/node-notifier 22ms (cache hit)
41 http fetch GET 200 https://registry.npmjs.org/@typescript-eslint%2ftypescript-estree 52ms (cache hit)
42 http fetch GET 200 https://registry.npmjs.org/react-scripts 143ms (cache hit)
43 http fetch GET 200 https://registry.npmjs.org/sass-loader 150ms (cache hit)
44 http fetch GET 200 https://registry.npmjs.org/eslint 154ms (cache hit)
45 http fetch GET 200 https://registry.npmjs.org/@pmmmwh%2freact-refresh-webpack-plugin 15ms (cache hit)
46 http fetch GET 200 https://registry.npmjs.org/webpack-dev-server 30ms (cache hit)
47 http fetch GET 200 https://registry.npmjs.org/react-dev-utils 4ms (cache hit)
48 http fetch GET 200 https://registry.npmjs.org/@surma%2frollup-plugin-off-main-thread 4ms (cache hit)
49 http fetch GET 200 https://registry.npmjs.org/chokidar 4ms (cache hit)
50 http fetch GET 200 https://registry.npmjs.org/workbox-build 5ms (cache hit)
51 http fetch GET 200 https://registry.npmjs.org/recursive-readdir 4ms (cache hit)
52 http fetch GET 200 https://registry.npmjs.org/selfsigned 4ms (cache hit)
53 http fetch GET 200 https://registry.npmjs.org/css-select 5ms (cache hit)
54 http fetch GET 200 https://registry.npmjs.org/autoprefixer 142ms (cache hit)
55 http fetch GET 200 https://registry.npmjs.org/css-declaration-sorter 143ms (cache hit)
56 http fetch GET 200 https://registry.npmjs.org/css-blank-pseudo 145ms (cache hit)
57 http fetch GET 200 https://registry.npmjs.org/css-has-pseudo 145ms (cache hit)
58 http fetch GET 200 https://registry.npmjs.org/css-prefers-color-scheme 145ms (cache hit)
59 http fetch GET 200 https://registry.npmjs.org/cssnano-util-raw-cache 145ms (cache hit)
60 http fetch GET 200 https://registry.npmjs.org/cssnano 147ms (cache hit)
61 http fetch GET 200 https://registry.npmjs.org/postcss-calc 148ms (cache hit)
62 http fetch GET 200 https://registry.npmjs.org/icss-utils 149ms (cache hit)
63 http fetch GET 200 https://registry.npmjs.org/postcss-attribute-case-insensitive 150ms (cache hit)
64 http fetch GET 200 https://registry.npmjs.org/postcss-color-gray 149ms (cache hit)
65 http fetch GET 200 https://registry.npmjs.org/postcss-color-hex-alpha 149ms (cache hit)
66 http fetch GET 200 https://registry.npmjs.org/postcss-color-mod-function 150ms (cache hit)
67 http fetch GET 200 https://registry.npmjs.org/cssnano-preset-default 152ms (cache hit)
68 http fetch GET 200 https://registry.npmjs.org/postcss-color-rebeccapurple 151ms (cache hit)
69 http fetch GET 200 https://registry.npmjs.org/postcss-browser-comments 153ms (cache hit)
70 http fetch GET 200 https://registry.npmjs.org/postcss-color-functional-notation 152ms (cache hit)
71 http fetch GET 200 https://registry.npmjs.org/postcss-convert-values 152ms (cache hit)
72 http fetch GET 200 https://registry.npmjs.org/postcss-custom-media 153ms (cache hit)
73 http fetch GET 200 https://registry.npmjs.org/postcss-custom-selectors 152ms (cache hit)
74 http fetch GET 200 https://registry.npmjs.org/postcss-colormin 154ms (cache hit)
75 http fetch GET 200 https://registry.npmjs.org/postcss-dir-pseudo-class 154ms (cache hit)
76 http fetch GET 200 https://registry.npmjs.org/postcss-discard-comments 154ms (cache hit)
77 http fetch GET 200 https://registry.npmjs.org/postcss-discard-overridden 154ms (cache hit)
78 http fetch GET 200 https://registry.npmjs.org/postcss-env-function 154ms (cache hit)
79 http fetch GET 200 https://registry.npmjs.org/postcss-custom-properties 157ms (cache hit)
80 http fetch GET 200 https://registry.npmjs.org/postcss-discard-empty 156ms (cache hit)
81 http fetch GET 200 https://registry.npmjs.org/postcss-focus-visible 155ms (cache hit)
82 http fetch GET 200 https://registry.npmjs.org/postcss-flexbugs-fixes 157ms (cache hit)
83 http fetch GET 200 https://registry.npmjs.org/postcss-focus-within 156ms (cache hit)
84 http fetch GET 200 https://registry.npmjs.org/postcss-discard-duplicates 158ms (cache hit)
85 http fetch GET 200 https://registry.npmjs.org/postcss-image-set-function 157ms (cache hit)
86 http fetch GET 200 https://registry.npmjs.org/postcss-gap-properties 157ms (cache hit)
87 http fetch GET 200 https://registry.npmjs.org/postcss-logical 157ms (cache hit)
88 http fetch GET 200 https://registry.npmjs.org/postcss-font-variant 158ms (cache hit)
89 http fetch GET 200 https://registry.npmjs.org/postcss-media-minmax 157ms (cache hit)
90 http fetch GET 200 https://registry.npmjs.org/postcss-lab-function 158ms (cache hit)
91 http fetch GET 200 https://registry.npmjs.org/postcss-minify-font-values 157ms (cache hit)
92 http fetch GET 200 https://registry.npmjs.org/postcss-merge-rules 158ms (cache hit)
93 http fetch GET 200 https://registry.npmjs.org/postcss-loader 160ms (cache hit)
94 http fetch GET 200 https://registry.npmjs.org/postcss-merge-longhand 162ms (cache hit)
95 http fetch GET 200 https://registry.npmjs.org/postcss-minify-params 162ms (cache hit)
96 http fetch GET 200 https://registry.npmjs.org/postcss-modules-scope 162ms (cache hit)
97 http fetch GET 200 https://registry.npmjs.org/postcss-initial 164ms (cache hit)
98 http fetch GET 200 https://registry.npmjs.org/postcss-minify-selectors 163ms (cache hit)
99 http fetch GET 200 https://registry.npmjs.org/postcss-minify-gradients 164ms (cache hit)
100 http fetch GET 200 https://registry.npmjs.org/postcss-double-position-gradients 168ms (cache hit)
101 http fetch GET 200 https://registry.npmjs.org/postcss-modules-values 164ms (cache hit)
102 http fetch GET 200 https://registry.npmjs.org/postcss-modules-extract-imports 165ms (cache hit)
103 http fetch GET 200 https://registry.npmjs.org/postcss-modules-local-by-default 166ms (cache hit)
104 http fetch GET 200 https://registry.npmjs.org/postcss-normalize 165ms (cache hit)
105 http fetch GET 200 https://registry.npmjs.org/postcss-normalize-positions 165ms (cache hit)
106 http fetch GET 200 https://registry.npmjs.org/postcss-nesting 168ms (cache hit)
107 http fetch GET 200 https://registry.npmjs.org/postcss-normalize-display-values 167ms (cache hit)
108 http fetch GET 200 https://registry.npmjs.org/postcss-normalize-timing-functions 167ms (cache hit)
109 http fetch GET 200 https://registry.npmjs.org/postcss-normalize-charset 169ms (cache hit)
110 http fetch GET 200 https://registry.npmjs.org/postcss-normalize-string 168ms (cache hit)
111 http fetch GET 200 https://registry.npmjs.org/postcss-normalize-repeat-style 169ms (cache hit)
112 http fetch GET 200 https://registry.npmjs.org/postcss-normalize-unicode 168ms (cache hit)
113 http fetch GET 200 https://registry.npmjs.org/postcss-normalize-whitespace 169ms (cache hit)
114 http fetch GET 200 https://registry.npmjs.org/postcss-overflow-shorthand 169ms (cache hit)
115 http fetch GET 200 https://registry.npmjs.org/postcss-normalize-url 170ms (cache hit)
116 http fetch GET 200 https://registry.npmjs.org/postcss-place 169ms (cache hit)
117 http fetch GET 200 https://registry.npmjs.org/postcss-ordered-values 170ms (cache hit)
118 http fetch GET 200 https://registry.npmjs.org/postcss-pseudo-class-any-link 169ms (cache hit)
119 http fetch GET 200 https://registry.npmjs.org/postcss-reduce-initial 169ms (cache hit)
120 http fetch GET 200 https://registry.npmjs.org/postcss-selector-matches 169ms (cache hit)
121 http fetch GET 200 https://registry.npmjs.org/postcss-reduce-transforms 170ms (cache hit)
122 http fetch GET 200 https://registry.npmjs.org/postcss-page-break 173ms (cache hit)
123 http fetch GET 200 https://registry.npmjs.org/postcss-selector-not 170ms (cache hit)
124 http fetch GET 200 https://registry.npmjs.org/postcss-replace-overflow-wrap 171ms (cache hit)
125 http fetch GET 200 https://registry.npmjs.org/postcss-unique-selectors 171ms (cache hit)
126 http fetch GET 200 https://registry.npmjs.org/resolve-url-loader 171ms (cache hit)
127 http fetch GET 200 https://registry.npmjs.org/postcss-svgo 172ms (cache hit)
128 http fetch GET 200 https://registry.npmjs.org/postcss-preset-env 178ms (cache hit)
129 http fetch GET 200 https://registry.npmjs.org/stylehacks 178ms (cache hit)
130 http fetch GET 200 https://registry.npmjs.org/watchpack-chokidar2 4ms (cache hit)
131 http fetch GET 200 https://registry.npmjs.org/workbox-webpack-plugin 6ms (cache hit)
132 http fetch GET 200 https://registry.npmjs.org/svgo 4ms (cache hit)
133 http fetch GET 200 https://registry.npmjs.org/optimize-css-assets-webpack-plugin 4ms (cache hit)
134 http fetch GET 200 https://registry.npmjs.org/watchpack 2ms (cache hit)
135 http fetch GET 200 https://registry.npmjs.org/@svgr%2fplugin-svgo 3ms (cache hit)
136 http fetch GET 200 https://registry.npmjs.org/webpack 6ms (cache hit)
137 http fetch GET 200 https://registry.npmjs.org/@svgr%2fwebpack 5ms (cache hit)
138 http fetch GET 200 https://registry.npmjs.org/babel-loader 30ms (cache hit)
139 http fetch GET 200 https://registry.npmjs.org/eslint-webpack-plugin 33ms (cache hit)
140 http fetch GET 200 https://registry.npmjs.org/html-webpack-plugin 33ms (cache hit)
141 http fetch GET 200 https://registry.npmjs.org/file-loader 36ms (cache hit)
142 http fetch GET 200 https://registry.npmjs.org/style-loader 36ms (cache hit)
143 http fetch GET 200 https://registry.npmjs.org/mini-css-extract-plugin 37ms (cache hit)
144 http fetch GET 200 https://registry.npmjs.org/terser-webpack-plugin 42ms (cache hit)
145 http fetch GET 200 https://registry.npmjs.org/url-loader 43ms (cache hit)
146 http fetch GET 200 https://registry.npmjs.org/webpack-manifest-plugin 45ms (cache hit)
147 silly ADD
148 silly ADD
149 silly ADD
150 verbose exit 0
151 info ok
